[+] Containers:
 |- [+] Container: /Game/Levels/KitchenBlockout
 |   |- [+] ActorDescs:
 |   |   |- Guid:04EFD8D947F3F33F94AE9D9A03AC30A8 BaseClass: NativeClass:/Script/Engine.TextRenderActor Name:TextRenderActor_UAID_B88584C32F88D36C01_2042643401 Label:TextRenderActor18 SpatiallyLoaded:1 Bounds:IsValid=true, Min=(X=966.246 Y=2665.000 Z=148.763), Max=(X=1199.900 Y=2665.000 Z=261.263) RuntimeGrid:None EditorOnly:0 RuntimeOnly:0 HLODRelevant:0
 |   |   |- Guid:0729A09545B2E0C41C6479B0892B4933 BaseClass: NativeClass:/Script/Engine.DirectionalLight Name:DirectionalLight_0 Label:DirectionalLight SpatiallyLoaded:0 Bounds:IsValid=true, Min=(X=-1048576.000 Y=-1048576.000 Z=-1048576.000), Max=(X=1048576.000 Y=1048576.000 Z=1048576.000) RuntimeGrid:None EditorOnly:0 RuntimeOnly:0 HLODRelevant:0 FolderPath:Lighting FolderGuid:963EC3EB4002CCE9759E2EBA541A873A
 |   |   |- Guid:0EE6ED804F67532C8036EE884970D5D7 BaseClass: NativeClass:/Script/Engine.StaticMeshActor Name:StaticMeshActor_UAID_B88584C32F88D16C01_1901681011 Label:SM_Cube16 SpatiallyLoaded:1 Bounds:IsValid=true, Min=(X=2300.000 Y=1740.000 Z=290.000), Max=(X=2400.000 Y=1940.000 Z=390.000) RuntimeGrid:None EditorOnly:0 RuntimeOnly:0 HLODRelevant:1 FolderPath:Door FolderGuid:7B7009C345D3D6DD94D3429E1D79C034
 |   |   |- Guid:12A0B8604F0DF4BD8F7F1BB671077999 BaseClass: NativeClass:/Script/Engine.ExponentialHeightFog Name:ExponentialHeightFog_0 Label:ExponentialHeightFog SpatiallyLoaded:0 Bounds:IsValid=true, Min=(X=-5600.000 Y=-50.000 Z=-6850.000), Max=(X=-5600.000 Y=-50.000 Z=-6850.000) RuntimeGrid:None EditorOnly:0 RuntimeOnly:0 HLODRelevant:0 FolderPath:Lighting FolderGuid:963EC3EB4002CCE9759E2EBA541A873A
 |   |   |- Guid:14F3951A442786EBB2958C8E9E8A80EA BaseClass: NativeClass:/Script/Engine.TextRenderActor Name:TextRenderActor_UAID_B88584C32F88D16C01_2026687016 Label:TextRenderActor8 SpatiallyLoaded:1 Bounds:IsValid=true, Min=(X=1259.900 Y=1020.000 Z=241.263), Max=(X=1424.323 Y=1020.000 Z=278.763) RuntimeGrid:None EditorOnly:0 RuntimeOnly:0 HLODRelevant:0
 |   |   |- Guid:174DDBCD440B0BCA8A88B8A4E71F251B BaseClass: NativeClass:/Script/Engine.StaticMeshActor Name:StaticMeshActor_0 Label:SM_Cube5 SpatiallyLoaded:1 Bounds:IsValid=true, Min=(X=-0.000 Y=100.000 Z=0.000), Max=(X=100.000 Y=3400.000 Z=400.000) RuntimeGrid:None EditorOnly:0 RuntimeOnly:0 HLODRelevant:1 FolderPath:Playground FolderGuid:C73F09FC4215536B1DCE2A9E0A830C70
 |   |   |- Guid:19C9EA754B9EB133C88F4EBD9BE3BEA1 BaseClass: NativeClass:/Script/Engine.StaticMeshActor Name:StaticMeshActor_UAID_B88584C32F88D26C01_2137842211 Label:SM_Cube7 SpatiallyLoaded:1 Bounds:IsValid=true, Min=(X=1990.000 Y=1790.000 Z=0.000), Max=(X=2090.000 Y=3490.000 Z=400.000) RuntimeGrid:None EditorOnly:0 RuntimeOnly:0 HLODRelevant:1 FolderPath:Playground FolderGuid:C73F09FC4215536B1DCE2A9E0A830C70
 |   |   |- Guid:1BC555F54683F7CC772465B1B528C46E BaseClass: NativeClass:/Script/Engine.TextRenderActor Name:TextRenderActor_UAID_B88584C32F88D06C01_1934446818 Label:TextRenderActor2 SpatiallyLoaded:1 Bounds:IsValid=true, Min=(X=1079.900 Y=180.000 Z=223.763), Max=(X=1404.419 Y=180.000 Z=336.263) RuntimeGrid:None EditorOnly:0 RuntimeOnly:0 HLODRelevant:0
 |   |   |- Guid:1DD361F74B170D437F6447B94D786CB0 BaseClass: NativeClass:/Script/Engine.StaticMeshActor Name:StaticMeshActor_UAID_B88584C32F88D26C01_1104764195 Label:Counter2 SpatiallyLoaded:1 Bounds:IsValid=true, Min=(X=2650.000 Y=17.500 Z=-7.500), Max=(X=2950.000 Y=1842.500 Z=167.500) RuntimeGrid:None EditorOnly:0 RuntimeOnly:0 HLODRelevant:1
 |   |   |- Guid:24DAFFD14BFB5BEFB387CA93698C6687 BaseClass: NativeClass:/Script/Engine.TextRenderActor Name:TextRenderActor_UAID_B88584C32F88D16C01_1869599008 Label:TextRenderActor6 SpatiallyLoaded:1 Bounds:IsValid=true, Min=(X=292.208 Y=1700.000 Z=282.513), Max=(X=424.900 Y=1700.000 Z=357.513) RuntimeGrid:None EditorOnly:0 RuntimeOnly:0 HLODRelevant:0
 |   |   |- Guid:2B9E7F3744A57B8284E6A9A6819DEDC5 BaseClass: NativeClass:/Script/Engine.StaticMeshActor Name:StaticMeshActor_UAID_B88584C32F88D26C01_1255858196 Label:Vent2 SpatiallyLoaded:1 Bounds:IsValid=true, Min=(X=2872.500 Y=1587.500 Z=280.000), Max=(X=3247.500 Y=1712.500 Z=380.000) RuntimeGrid:None EditorOnly:0 RuntimeOnly:0 HLODRelevant:1
 |   |   |- Guid:2BA891974A1A6DA3CF0A619E41329BB1 BaseClass: NativeClass:/Script/Engine.StaticMeshActor Name:StaticMeshActor_UAID_B88584C32F88D16C01_1503164002 Label:Tea SpatiallyLoaded:1 Bounds:IsValid=true, Min=(X=1613.333 Y=1657.500 Z=147.500), Max=(X=1763.333 Y=1782.500 Z=272.500) RuntimeGrid:None EditorOnly:0 RuntimeOnly:0 HLODRelevant:1
 |   |   |- Guid:321D4F4549C97F2792C09E8B7B833834 BaseClass: NativeClass:/Script/Engine.StaticMeshActor Name:StaticMeshActor_UAID_B88584C32F88D16C01_1901681013 Label:SM_QuarterCylinder8 SpatiallyLoaded:1 Bounds:IsValid=true, Min=(X=2400.000 Y=1740.000 Z=290.000), Max=(X=2500.000 Y=1940.000 Z=390.000) RuntimeGrid:None EditorOnly:0 RuntimeOnly:0 HLODRelevant:1 FolderPath:Door FolderGuid:7B7009C345D3D6DD94D3429E1D79C034
 |   |   |- Guid:32F9B6A74F822E0E5B47D883ADC40803 BaseClass: NativeClass:/Script/Engine.StaticMeshActor Name:StaticMeshActor_UAID_B88584C32F88D46C01_1387296583 Label:SM_Cube17 SpatiallyLoaded:1 Bounds:IsValid=true, Min=(X=0.000 Y=1790.000 Z=0.000), Max=(X=800.000 Y=1890.000 Z=400.000) RuntimeGrid:None EditorOnly:0 RuntimeOnly:0 HLODRelevant:1 FolderPath:Playground FolderGuid:C73F09FC4215536B1DCE2A9E0A830C70
 |   |   |- Guid:3997BBA84F37329EF313F7BE4EB58DFE BaseClass: NativeClass:/Script/Engine.StaticMeshActor Name:StaticMeshActor_16 Label:SM_Cube11 SpatiallyLoaded:1 Bounds:IsValid=true, Min=(X=215.000 Y=1740.000 Z=-10.000), Max=(X=515.000 Y=1940.000 Z=290.000) RuntimeGrid:None EditorOnly:0 RuntimeOnly:0 HLODRelevant:1 FolderPath:Door FolderGuid:7B7009C345D3D6DD94D3429E1D79C034
 |   |   |- Guid:3B05DE054326BCF7FFFAB1A9BF73F558 BaseClass: NativeClass:/Script/Engine.TextRenderActor Name:TextRenderActor_UAID_B88584C32F88D26C01_1882289207 Label:TextRenderActor13 SpatiallyLoaded:1 Bounds:IsValid=true, Min=(X=1799.900 Y=270.000 Z=172.513), Max=(X=1926.823 Y=270.000 Z=247.513) RuntimeGrid:None EditorOnly:0 RuntimeOnly:0 HLODRelevant:0
 |   |   |- Guid:3ED26E8E464590803FAB20A361DEB235 BaseClass: NativeClass:/Script/Engine.StaticMeshActor Name:StaticMeshActor_UAID_B88584C32F88D36C01_1769372398 Label:Shelves3 SpatiallyLoaded:1 Bounds:IsValid=true, Min=(X=1995.000 Y=3195.000 Z=137.500), Max=(X=2995.000 Y=3495.000 Z=162.500) RuntimeGrid:None EditorOnly:0 RuntimeOnly:0 HLODRelevant:1
 |   |   |- Guid:423DE21640C58760D77F9AAD3347C5C4 BaseClass: NativeClass:/Script/Engine.StaticMeshActor Name:StaticMeshActor_UAID_B88584C32F88D36C01_1475050393 Label:Vent6 SpatiallyLoaded:1 Bounds:IsValid=true, Min=(X=3247.500 Y=1665.000 Z=0.000), Max=(X=3372.500 Y=3715.000 Z=100.000) RuntimeGrid:None EditorOnly:0 RuntimeOnly:0 HLODRelevant:1
 |   |   |- Guid:4326C1C84A86601C733357A23179EC5F BaseClass: NativeClass:/Script/Engine.WorldDataLayers Name:WorldDataLayers Label:WorldDataLayers-1 SpatiallyLoaded:0 Bounds:IsValid=true, Min=(X=0.000 Y=0.000 Z=0.000), Max=(X=0.000 Y=0.000 Z=0.000) RuntimeGrid:None EditorOnly:0 RuntimeOnly:0 HLODRelevant:0
 |   |   |- Guid:46FC88DD4DC268879F3C15A4FE7784F9 BaseClass: NativeClass:/Script/Engine.StaticMeshActor Name:StaticMeshActor_UAID_B88584C32F88D36C01_1232185392 Label:Vent5 SpatiallyLoaded:1 Bounds:IsValid=true, Min=(X=-352.500 Y=237.500 Z=0.000), Max=(X=-227.500 Y=3762.500 Z=100.000) RuntimeGrid:None EditorOnly:0 RuntimeOnly:0 HLODRelevant:1
 |   |   |- Guid:4AA9C4554015D70833F877B2FFB8A7E2 BaseClass: NativeClass:/Script/Engine.StaticMeshActor Name:StaticMeshActor_UAID_A4AE111137DC5EFB00_1110535423 Label:SM_SkySphere SpatiallyLoaded:1 Bounds:IsValid=true, Min=(X=-1638400.000 Y=-1638400.000 Z=-1638400.000), Max=(X=1638400.000 Y=1638400.000 Z=1638400.000) RuntimeGrid:None EditorOnly:0 RuntimeOnly:0 HLODRelevant:1 FolderPath:Lighting FolderGuid:963EC3EB4002CCE9759E2EBA541A873A
 |   |   |- Guid:515E08844AB9DF2A3414279B3D6941AE BaseClass: NativeClass:/Script/Engine.TextRenderActor Name:TextRenderActor_UAID_B88584C32F88D46C01_1186580580 Label:TextRenderActor19 SpatiallyLoaded:1 Bounds:IsValid=true, Min=(X=620.573 Y=1625.000 Z=156.263), Max=(X=699.900 Y=1625.000 Z=193.763) RuntimeGrid:None EditorOnly:0 RuntimeOnly:0 HLODRelevant:0
 |   |   |- Guid:51A314074CD7415EC101F5B65A66BF86 BaseClass: NativeClass:/Script/Engine.StaticMeshActor Name:StaticMeshActor_24 Label:SM_Cube13 SpatiallyLoaded:1 Bounds:IsValid=true, Min=(X=315.000 Y=1740.000 Z=290.000), Max=(X=415.000 Y=1940.000 Z=390.000) RuntimeGrid:None EditorOnly:0 RuntimeOnly:0 HLODRelevant:1 FolderPath:Door FolderGuid:7B7009C345D3D6DD94D3429E1D79C034
 |   |   |- Guid:520EBB58428A99BCF861A280AB638AEC BaseClass: NativeClass:/Script/Engine.StaticMeshActor Name:StaticMeshActor_UAID_B88584C32F88D16C01_1901680009 Label:SM_Cube15 SpatiallyLoaded:1 Bounds:IsValid=true, Min=(X=2200.000 Y=1740.000 Z=-10.000), Max=(X=2500.000 Y=1940.000 Z=290.000) RuntimeGrid:None EditorOnly:0 RuntimeOnly:0 HLODRelevant:1 FolderPath:Door FolderGuid:7B7009C345D3D6DD94D3429E1D79C034
 |   |   |- Guid:5297788247D9FD42EC549AA6CC859D94 BaseClass: NativeClass:/Script/Engine.StaticMeshActor Name:StaticMeshActor_UAID_B88584C32F88D56C01_1080973763 Label:ServingWindow2 SpatiallyLoaded:1 Bounds:IsValid=true, Min=(X=1297.500 Y=1797.500 Z=142.500), Max=(X=1772.500 Y=2022.500 Z=167.500) RuntimeGrid:None EditorOnly:0 RuntimeOnly:0 HLODRelevant:1
 |   |   |- Guid:54A09D574DCBECDFF8A44D989E31E710 BaseClass: NativeClass:/Script/Engine.TextRenderActor Name:TextRenderActor_UAID_B88584C32F88D46C01_2037641586 Label:TextRenderActor21 SpatiallyLoaded:1 Bounds:IsValid=true, Min=(X=1703.362 Y=3135.000 Z=206.263), Max=(X=1939.900 Y=3135.000 Z=243.763) RuntimeGrid:None EditorOnly:0 RuntimeOnly:0 HLODRelevant:0
 |   |   |- Guid:55D4A8A3420CA8E0932420A5C19940E8 BaseClass: NativeClass:/Script/Engine.StaticMeshActor Name:StaticMeshActor_UAID_B88584C32F88D36C01_1124323388 Label:Vent3 SpatiallyLoaded:1 Bounds:IsValid=true, Min=(X=2872.500 Y=3187.500 Z=0.000), Max=(X=3247.500 Y=3312.500 Z=100.000) RuntimeGrid:None EditorOnly:0 RuntimeOnly:0 HLODRelevant:1
 |   |   |- Guid:5C0D850B474129E1B6FE30B07658A145 BaseClass: NativeClass:/Script/Engine.StaticMeshActor Name:StaticMeshActor_UAID_B88584C32F88D36C01_1758331397 Label:Shelves2 SpatiallyLoaded:1 Bounds:IsValid=true, Min=(X=2705.000 Y=1860.000 Z=302.500), Max=(X=3005.000 Y=3410.000 Z=327.500) RuntimeGrid:None EditorOnly:0 RuntimeOnly:0 HLODRelevant:1
 |   |   |- Guid:5C980C2142A59E05BA28649DE292459D BaseClass: NativeClass:/Script/Engine.StaticMeshActor Name:StaticMeshActor_UAID_B88584C32F88D16C01_1901681012 Label:SM_QuarterCylinder7 SpatiallyLoaded:1 Bounds:IsValid=true, Min=(X=2200.000 Y=1740.000 Z=290.000), Max=(X=2300.000 Y=1940.000 Z=390.000) RuntimeGrid:None EditorOnly:0 RuntimeOnly:0 HLODRelevant:1 FolderPath:Door FolderGuid:7B7009C345D3D6DD94D3429E1D79C034
 |   |   |- Guid:5EBF6EF840F79B8C76A6B5A8F4DC591E BaseClass: NativeClass:/Script/Engine.StaticMeshActor Name:StaticMeshActor_6 Label:SM_Cube3 SpatiallyLoaded:1 Bounds:IsValid=true, Min=(X=0.000 Y=3400.000 Z=0.000), Max=(X=3000.000 Y=3500.000 Z=400.000) RuntimeGrid:None EditorOnly:0 RuntimeOnly:0 HLODRelevant:1 FolderPath:Playground FolderGuid:C73F09FC4215536B1DCE2A9E0A830C70
 |   |   |- Guid:5EC7557B466D5DE79BD7E3A98E13E876 BaseClass: NativeClass:/Script/Engine.StaticMeshActor Name:StaticMeshActor_UAID_B88584C32F88D26C01_1616072203 Label:Cabinets SpatiallyLoaded:1 Bounds:IsValid=true, Min=(X=2700.000 Y=200.000 Z=337.500), Max=(X=2900.000 Y=700.000 Z=562.500) RuntimeGrid:None EditorOnly:0 RuntimeOnly:0 HLODRelevant:1
 |   |   |- Guid:5FF87A6D4BE4AFD28F6ED780815EB8F7 BaseClass: NativeClass:/Script/Engine.TextRenderActor Name:TextRenderActor_UAID_B88584C32F88D26C01_1281411197 Label:TextRenderActor9 SpatiallyLoaded:1 Bounds:IsValid=true, Min=(X=2849.900 Y=1590.000 Z=302.513), Max=(X=2849.900 Y=1722.692 Z=377.513) RuntimeGrid:None EditorOnly:0 RuntimeOnly:0 HLODRelevant:0
 |   |   |- Guid:606ADA3A4291A8516CF205802283A0DE BaseClass: NativeClass:/Script/Engine.StaticMeshActor Name:StaticMeshActor_UAID_B88584C32F88D16C01_1525532003 Label:Soda SpatiallyLoaded:1 Bounds:IsValid=true, Min=(X=1833.333 Y=1657.500 Z=147.500), Max=(X=1983.333 Y=1782.500 Z=272.500) RuntimeGrid:None EditorOnly:0 RuntimeOnly:0 HLODRelevant:1
 |   |   |- Guid:648099574704144C828533A1DB89B961 BaseClass: NativeClass:/Script/Engine.StaticMeshActor Name:StaticMeshActor_UAID_B88584C32F88D16C01_2087396017 Label:Counter SpatiallyLoaded:1 Bounds:IsValid=true, Min=(X=537.500 Y=65.000 Z=-7.500), Max=(X=2662.500 Y=415.000 Z=167.500) RuntimeGrid:None EditorOnly:0 RuntimeOnly:0 HLODRelevant:1
 |   |   |- Guid:64AD646448C6C78854582A91477BBF0F BaseClass: NativeClass:/Script/Engine.TextRenderActor Name:TextRenderActor_UAID_B88584C32F88D26C01_1452209200 Label:TextRenderActor11 SpatiallyLoaded:1 Bounds:IsValid=true, Min=(X=2869.900 Y=820.000 Z=212.513), Max=(X=2869.900 Y=995.962 Z=287.513) RuntimeGrid:None EditorOnly:0 RuntimeOnly:0 HLODRelevant:0
 |   |   |- Guid:64E2E296486CAE9762152880B7A9EFC8 BaseClass: NativeClass:/Script/Engine.PlayerStart Name:PlayerStart_0 Label:PlayerStart SpatiallyLoaded:0 Bounds:IsValid=true, Min=(X=370.000 Y=1070.000 Z=0.013), Max=(X=450.000 Y=1150.000 Z=184.013) RuntimeGrid:None EditorOnly:0 RuntimeOnly:0 HLODRelevant:0
 |   |   |- Guid:652A595347F733BC9FB26283E89274A9 BaseClass: NativeClass:/Script/Engine.StaticMeshActor Name:StaticMeshActor_UAID_B88584C32F88D36C01_1769373399 Label:Shelves4 SpatiallyLoaded:1 Bounds:IsValid=true, Min=(X=1995.000 Y=3195.000 Z=302.500), Max=(X=2995.000 Y=3495.000 Z=327.500) RuntimeGrid:None EditorOnly:0 RuntimeOnly:0 HLODRelevant:1
 |   |   |- Guid:66BA71634AA73B31E008F1BDB7C3665D BaseClass: NativeClass:/Script/Engine.StaticMeshActor Name:StaticMeshActor_23 Label:SM_QuarterCylinder5 SpatiallyLoaded:1 Bounds:IsValid=true, Min=(X=415.000 Y=1740.000 Z=290.000), Max=(X=515.000 Y=1940.000 Z=390.000) RuntimeGrid:None EditorOnly:0 RuntimeOnly:0 HLODRelevant:1 FolderPath:Door FolderGuid:7B7009C345D3D6DD94D3429E1D79C034
 |   |   |- Guid:683999B94D77F4DDAD0F67A99D0A4635 BaseClass: NativeClass:/Script/Engine.StaticMeshActor Name:StaticMeshActor_UAID_B88584C32F88D36C01_1711921396 Label:Shelves SpatiallyLoaded:1 Bounds:IsValid=true, Min=(X=2705.000 Y=1860.000 Z=137.500), Max=(X=3005.000 Y=3410.000 Z=162.500) RuntimeGrid:None EditorOnly:0 RuntimeOnly:0 HLODRelevant:1
 |   |   |- Guid:6DABE0F74866C08C58BEB8892891C7F9 BaseClass: NativeClass:/Script/Engine.StaticMeshActor Name:StaticMeshActor_1 Label:SM_Cube SpatiallyLoaded:1 Bounds:IsValid=true, Min=(X=0.000 Y=0.000 Z=-50.000), Max=(X=3000.000 Y=3500.000 Z=0.000) RuntimeGrid:None EditorOnly:0 RuntimeOnly:0 HLODRelevant:1 FolderPath:Playground FolderGuid:C73F09FC4215536B1DCE2A9E0A830C70
 |   |   |- Guid:701CB906421EC70381C2CA87D89F90C6 BaseClass: NativeClass:/Script/Engine.TextRenderActor Name:TextRenderActor_UAID_B88584C32F88D16C01_1196100999 Label:TextRenderActor4 SpatiallyLoaded:1 Bounds:IsValid=true, Min=(X=229.900 Y=1236.923 Z=161.263), Max=(X=229.900 Y=1410.000 Z=198.763) RuntimeGrid:None EditorOnly:0 RuntimeOnly:0 HLODRelevant:0
 |   |   |- Guid:710BFE0544E6BC6DF5AFEEBF08FF8501 BaseClass: NativeClass:/Script/Engine.StaticMeshActor Name:StaticMeshActor_UAID_B88584C32F88D26C01_1920815208 Label:Fridge SpatiallyLoaded:1 Bounds:IsValid=true, Min=(X=550.000 Y=142.500 Z=7.500), Max=(X=850.000 Y=417.500 Z=432.500) RuntimeGrid:None EditorOnly:0 RuntimeOnly:0 HLODRelevant:1
 |   |   |- Guid:7952A0CC43313FD3E93536A8839CAE59 BaseClass: NativeClass:/Script/Engine.StaticMeshActor Name:StaticMeshActor_UAID_B88584C32F88D36C01_2111110402 Label:Shelves5 SpatiallyLoaded:1 Bounds:IsValid=true, Min=(X=-40.000 Y=505.000 Z=207.500), Max=(X=260.000 Y=1105.000 Z=232.500) RuntimeGrid:None EditorOnly:0 RuntimeOnly:0 HLODRelevant:1
 |   |   |- Guid:7E4051854FEB279AB93CC1AF2C5852B6 BaseClass: NativeClass:/Script/Engine.TextRenderActor Name:TextRenderActor_UAID_B88584C32F88D16C01_1901682014 Label:TextRenderActor7 SpatiallyLoaded:1 Bounds:IsValid=true, Min=(X=2142.400 Y=1700.000 Z=282.513), Max=(X=2479.900 Y=1700.000 Z=357.513) RuntimeGrid:None EditorOnly:0 RuntimeOnly:0 HLODRelevant:0
 |   |   |- Guid:7F52D36F43813E207A2F8C8EC1FD2035 BaseClass: NativeClass:/Script/Engine.StaticMeshActor Name:StaticMeshActor_UAID_B88584C32F88D56C01_1145700766 Label:Plant4 SpatiallyLoaded:1 Bounds:IsValid=true, Min=(X=1565.000 Y=2055.000 Z=-5.000), Max=(X=1665.000 Y=2155.000 Z=145.000) RuntimeGrid:None EditorOnly:0 RuntimeOnly:0 HLODRelevant:1
 |   |   |- Guid:8018E727498FE4270695FF863AF79536 BaseClass: NativeClass:/Script/Engine.StaticMeshActor Name:StaticMeshActor_UAID_B88584C32F88D56C01_1112602764 Label:Plant2 SpatiallyLoaded:1 Bounds:IsValid=true, Min=(X=930.000 Y=2055.000 Z=-5.000), Max=(X=1030.000 Y=2155.000 Z=145.000) RuntimeGrid:None EditorOnly:0 RuntimeOnly:0 HLODRelevant:1
 |   |   |- Guid:81DDED0A48C01E81049091962F00A519 BaseClass: NativeClass:/Script/Engine.TextRenderActor Name:TextRenderActor_UAID_B88584C32F88D26C01_1328827198 Label:TextRenderActor10 SpatiallyLoaded:1 Bounds:IsValid=true, Min=(X=119.900 Y=204.615 Z=65.013), Max=(X=119.900 Y=470.000 Z=215.013) RuntimeGrid:None EditorOnly:0 RuntimeOnly:0 HLODRelevant:0
 |   |   |- Guid:829BBFE0448A0FB1DF3E758541BE8355 BaseClass: NativeClass:/Script/Engine.SkyAtmosphere Name:SkyAtmosphere_0 Label:SkyAtmosphere SpatiallyLoaded:0 Bounds:IsValid=true, Min=(X=0.000 Y=0.000 Z=1020.000), Max=(X=0.000 Y=0.000 Z=1020.000) RuntimeGrid:None EditorOnly:0 RuntimeOnly:0 HLODRelevant:0 FolderPath:Lighting FolderGuid:963EC3EB4002CCE9759E2EBA541A873A
 |   |   |- Guid:842203AF48920F44C21B6DA27B874687 BaseClass: NativeClass:/Script/Engine.PostProcessVolume Name:PostProcessVolume_0 Label:PostProcessVolume SpatiallyLoaded:0 Bounds:IsValid=true, Min=(X=0.000 Y=0.000 Z=400.000), Max=(X=200.000 Y=200.000 Z=600.000) RuntimeGrid:None EditorOnly:0 RuntimeOnly:0 HLODRelevant:0 FolderPath:Lighting FolderGuid:963EC3EB4002CCE9759E2EBA541A873A
 |   |   |- Guid:89FBE28547BDC26362755CA3DB4667F6 BaseClass: NativeClass:/Script/Engine.StaticMeshActor Name:StaticMeshActor_UAID_B88584C32F88D26C01_1829084205 Label:Sink SpatiallyLoaded:1 Bounds:IsValid=true, Min=(X=1600.000 Y=157.500 Z=90.000), Max=(X=2100.000 Y=382.500 Z=190.000) RuntimeGrid:None EditorOnly:0 RuntimeOnly:0 HLODRelevant:1
 |   |   |- Guid:8D57576B463068729F62D3921DAC9D7A BaseClass: NativeClass:/Script/Engine.VolumetricCloud Name:VolumetricCloud_0 Label:VolumetricCloud SpatiallyLoaded:0 Bounds:IsValid=true, Min=(X=0.000 Y=0.000 Z=820.000), Max=(X=0.000 Y=0.000 Z=820.000) RuntimeGrid:None EditorOnly:0 RuntimeOnly:0 HLODRelevant:0 FolderPath:Lighting FolderGuid:963EC3EB4002CCE9759E2EBA541A873A
 |   |   |- Guid:8FD9E43243867635608C109B8DC7EF34 BaseClass: NativeClass:/Script/Engine.StaticMeshActor Name:StaticMeshActor_UAID_B88584C32F88D16C01_1146806998 Label:IceMachine SpatiallyLoaded:1 Bounds:IsValid=true, Min=(X=75.000 Y=1255.000 Z=0.000), Max=(X=225.000 Y=1405.000 Z=200.000) RuntimeGrid:None EditorOnly:0 RuntimeOnly:0 HLODRelevant:1
 |   |   |- Guid:93B9EA41491701C2E7F016AED92FFDC8 BaseClass: NativeClass:/Script/Engine.TextRenderActor Name:TextRenderActor_UAID_B88584C32F88D26C01_1552125202 Label:TextRenderActor12 SpatiallyLoaded:1 Bounds:IsValid=true, Min=(X=2839.900 Y=990.000 Z=362.513), Max=(X=2839.900 Y=1477.500 Z=437.513) RuntimeGrid:None EditorOnly:0 RuntimeOnly:0 HLODRelevant:0
 |   |   |- Guid:949E49604983FC2A41025A9EA6E6C194 BaseClass: NativeClass:/Script/Engine.TextRenderActor Name:TextRenderActor_UAID_B88584C32F88D56C01_1160769768 Label:TextRenderActor22 SpatiallyLoaded:1 Bounds:IsValid=true, Min=(X=1374.900 Y=2100.000 Z=118.763), Max=(X=1647.496 Y=2100.000 Z=231.263) RuntimeGrid:None EditorOnly:0 RuntimeOnly:0 HLODRelevant:0
 |   |   |- Guid:960971F6431ABB71813881BEEF5D8D88 BaseClass: NativeClass:/Script/Engine.SkeletalMeshActor Name:SkeletalMeshActor_UAID_089204E7E887987501_1774755463 Label:ChefMaterialId SpatiallyLoaded:1 Bounds:IsValid=true, Min=(X=1591.123 Y=532.991 Z=607.592), Max=(X=2926.254 Y=1203.835 Z=1278.436) RuntimeGrid:None EditorOnly:0 RuntimeOnly:0 HLODRelevant:0
 |   |   |- Guid:96A9E2164B4453765FB3FD92D7004172 BaseClass: NativeClass:/Script/Engine.StaticMeshActor Name:StaticMeshActor_UAID_B88584C32F88D26C01_1528199201 Label:UtensilRack SpatiallyLoaded:1 Bounds:IsValid=true, Min=(X=2840.000 Y=977.500 Z=405.000), Max=(X=2940.000 Y=1502.500 Z=455.000) RuntimeGrid:None EditorOnly:0 RuntimeOnly:0 HLODRelevant:1
 |   |   |- Guid:9C2F4607424AE8C2EE88FC8E5791DB11 BaseClass: NativeClass:/Script/Engine.StaticMeshActor Name:StaticMeshActor_UAID_B88584C32F88D36C01_1510476394 Label:Vent7 SpatiallyLoaded:1 Bounds:IsValid=true, Min=(X=3247.500 Y=1587.500 Z=-42.500), Max=(X=3372.500 Y=1712.500 Z=382.500) RuntimeGrid:None EditorOnly:0 RuntimeOnly:0 HLODRelevant:1
 |   |   |- Guid:9E75B2184E5A10E9C529D6BAF4D94FE8 BaseClass: NativeClass:/Script/Engine.StaticMeshActor Name:StaticMeshActor_UAID_B88584C32F88D46C01_2023082585 Label:Plant SpatiallyLoaded:1 Bounds:IsValid=true, Min=(X=1750.000 Y=3175.000 Z=-5.000), Max=(X=1900.000 Y=3325.000 Z=195.000) RuntimeGrid:None EditorOnly:0 RuntimeOnly:0 HLODRelevant:1
 |   |   |- Guid:A24F598B4FD013B7379DF88BC3435C96 BaseClass: NativeClass:/Script/Engine.StaticMeshActor Name:StaticMeshActor_UAID_B88584C32F88D46C01_1288607581 Label:ServingWindow SpatiallyLoaded:1 Bounds:IsValid=true, Min=(X=800.000 Y=1597.500 Z=142.500), Max=(X=1300.000 Y=2022.500 Z=167.500) RuntimeGrid:None EditorOnly:0 RuntimeOnly:0 HLODRelevant:1
 |   |   |- Guid:B0E414CA47A17DD5C129E28399848211 BaseClass: NativeClass:/Script/Engine.StaticMeshActor Name:StaticMeshActor_UAID_B88584C32F88D36C01_1545912395 Label:Vent8 SpatiallyLoaded:1 Bounds:IsValid=true, Min=(X=-332.500 Y=3707.500 Z=0.000), Max=(X=3392.500 Y=3832.500 Z=100.000) RuntimeGrid:None EditorOnly:0 RuntimeOnly:0 HLODRelevant:1
 |   |   |- Guid:B1F60B9A49389F2F1168578497633DAA BaseClass: NativeClass:/Script/Engine.StaticMeshActor Name:StaticMeshActor_UAID_B88584C32F88D06C01_1120670815 Label:Freezer SpatiallyLoaded:1 Bounds:IsValid=true, Min=(X=115.000 Y=-97.500 Z=-27.500), Max=(X=1965.000 Y=177.500 Z=497.500) RuntimeGrid:None EditorOnly:0 RuntimeOnly:0 HLODRelevant:1
 |   |   |- Guid:B28CAC4649BCDE974BF0C9A6CB482CF7 BaseClass: NativeClass:/Script/Engine.TextRenderActor Name:TextRenderActor_UAID_B88584C32F88D26C01_2057583210 Label:TextRenderActor15 SpatiallyLoaded:1 Bounds:IsValid=true, Min=(X=239.900 Y=230.000 Z=252.513), Max=(X=372.592 Y=230.000 Z=327.513) RuntimeGrid:None EditorOnly:0 RuntimeOnly:0 HLODRelevant:0
 |   |   |- Guid:B3CF86724DBA076663A48A8F225842AE BaseClass: NativeClass:/Script/Engine.StaticMeshActor Name:StaticMeshActor_UAID_B88584C32F88D46C01_1489006584 Label:SM_Cube18 SpatiallyLoaded:1 Bounds:IsValid=true, Min=(X=800.000 Y=1790.000 Z=-240.000), Max=(X=1300.000 Y=1890.000 Z=160.000) RuntimeGrid:None EditorOnly:0 RuntimeOnly:0 HLODRelevant:1 FolderPath:Playground FolderGuid:C73F09FC4215536B1DCE2A9E0A830C70
 |   |   |- Guid:B56F66804DB6CF4101F410B1C7A97F68 BaseClass: NativeClass:/Script/Engine.StaticMeshActor Name:StaticMeshActor_UAID_B88584C32F88D36C01_1978674400 Label:Table SpatiallyLoaded:1 Bounds:IsValid=true, Min=(X=600.000 Y=2400.000 Z=-7.500), Max=(X=1600.000 Y=3000.000 Z=167.500) RuntimeGrid:None EditorOnly:0 RuntimeOnly:0 HLODRelevant:1
 |   |   |- Guid:B6CE62CE42268A4413906795377C7DE5 BaseClass: NativeClass:/Script/Engine.StaticMeshActor Name:StaticMeshActor_UAID_B88584C32F88D06C01_2021053819 Label:HumanReference SpatiallyLoaded:1 Bounds:IsValid=true, Min=(X=560.000 Y=910.000 Z=22.500), Max=(X=660.000 Y=1010.000 Z=297.500) RuntimeGrid:None EditorOnly:0 RuntimeOnly:0 HLODRelevant:1
 |   |   |- Guid:B6E142104281404711B8ABAB0EA8FB71 BaseClass: NativeClass:/Script/Engine.StaticMeshActor Name:StaticMeshActor_UAID_B88584C32F88D16C01_1989719015 Label:Drinkstation2 SpatiallyLoaded:1 Bounds:IsValid=true, Min=(X=877.500 Y=725.000 Z=-7.500), Max=(X=1902.500 Y=1275.000 Z=167.500) RuntimeGrid:None EditorOnly:0 RuntimeOnly:0 HLODRelevant:1
 |   |   |- Guid:B8A113D04C16A1EBB01F639CC4AD57D0 BaseClass: NativeClass:/Script/Engine.TextRenderActor Name:TextRenderActor_UAID_B88584C32F88D36C01_1186637391 Label:TextRenderActor17 SpatiallyLoaded:1 Bounds:IsValid=true, Min=(X=149.900 Y=3177.308 Z=22.513), Max=(X=149.900 Y=3310.000 Z=97.513) RuntimeGrid:None EditorOnly:0 RuntimeOnly:0 HLODRelevant:0
 |   |   |- Guid:B919483E4FED9FC59F0DD789B9D4716F BaseClass: NativeClass:/Script/Engine.StaticMeshActor Name:StaticMeshActor_UAID_B88584C32F88D16C01_1527392004 Label:coffee SpatiallyLoaded:1 Bounds:IsValid=true, Min=(X=1393.333 Y=1657.500 Z=147.500), Max=(X=1543.333 Y=1782.500 Z=272.500) RuntimeGrid:None EditorOnly:0 RuntimeOnly:0 HLODRelevant:1
 |   |   |- Guid:BB147D5249C531633BE4939C7D1E94CA BaseClass: NativeClass:/Script/Engine.TextRenderActor Name:TextRenderActor_UAID_B88584C32F88D16C01_1410692001 Label:TextRenderActor5 SpatiallyLoaded:1 Bounds:IsValid=true, Min=(X=1519.900 Y=1560.000 Z=162.513), Max=(X=1894.900 Y=1560.000 Z=237.513) RuntimeGrid:None EditorOnly:0 RuntimeOnly:0 HLODRelevant:0
 |   |   |- Guid:BC3C91A545E9FF258B4F94BD5884B994 BaseClass: NativeClass:/Script/Engine.StaticMeshActor Name:StaticMeshActor_UAID_B88584C32F88D16C01_1081065997 Label:Vent SpatiallyLoaded:1 Bounds:IsValid=true, Min=(X=-247.500 Y=237.500 Z=0.000), Max=(X=127.500 Y=362.500 Z=100.000) RuntimeGrid:None EditorOnly:0 RuntimeOnly:0 HLODRelevant:1
 |   |   |- Guid:BCBF903946F8CB1C11AB0C92489B6130 BaseClass: NativeClass:/Script/Engine.StaticMeshActor Name:StaticMeshActor_UAID_B88584C32F88D56C01_1154618767 Label:Plant5 SpatiallyLoaded:1 Bounds:IsValid=true, Min=(X=1370.000 Y=2055.000 Z=-5.000), Max=(X=1470.000 Y=2155.000 Z=145.000) RuntimeGrid:None EditorOnly:0 RuntimeOnly:0 HLODRelevant:1
 |   |   |- Guid:BCDF71324791417A03BF6D94F86A553E BaseClass: NativeClass:/Script/Engine.TextRenderActor Name:TextRenderActor_UAID_B88584C32F88D06C01_2070359820 Label:TextRenderActor3 SpatiallyLoaded:1 Bounds:IsValid=true, Min=(X=479.900 Y=1020.000 Z=241.263), Max=(X=753.938 Y=1020.000 Z=278.763) RuntimeGrid:None EditorOnly:0 RuntimeOnly:0 HLODRelevant:0
 |   |   |- Guid:BE18A228459EA857062FF8A8A06393FC BaseClass: NativeClass:/Script/Engine.StaticMeshActor Name:StaticMeshActor_UAID_B88584C32F88D06C01_1802669817 Label:FreezerDoor SpatiallyLoaded:1 Bounds:IsValid=true, Min=(X=122.500 Y=-67.500 Z=-2.500), Max=(X=497.500 Y=207.500 Z=372.500) RuntimeGrid:None EditorOnly:0 RuntimeOnly:0 HLODRelevant:1
 |   |   |- Guid:C6BABD8F4E3CD55DC0B468A241BB6E1C BaseClass: NativeClass:/Script/Engine.StaticMeshActor Name:StaticMeshActor_5 Label:SM_Cube2 SpatiallyLoaded:1 Bounds:IsValid=true, Min=(X=0.000 Y=0.000 Z=0.000), Max=(X=3000.000 Y=100.000 Z=400.000) RuntimeGrid:None EditorOnly:0 RuntimeOnly:0 HLODRelevant:1 FolderPath:Playground FolderGuid:C73F09FC4215536B1DCE2A9E0A830C70
 |   |   |- Guid:CAFA1F854839F6D62644F5A90D6EFA8B BaseClass: NativeClass:/Script/Engine.StaticMeshActor Name:StaticMeshActor_4 Label:SM_Cube6 SpatiallyLoaded:1 Bounds:IsValid=true, Min=(X=2900.000 Y=100.000 Z=0.000), Max=(X=3000.000 Y=3400.000 Z=400.000) RuntimeGrid:None EditorOnly:0 RuntimeOnly:0 HLODRelevant:1 FolderPath:Playground FolderGuid:C73F09FC4215536B1DCE2A9E0A830C70
 |   |   |- Guid:CBE74223431AEA58E2DB498D777C4E2A BaseClass: NativeClass:/Script/Engine.StaticMeshActor Name:StaticMeshActor_UAID_B88584C32F88D56C01_1144059765 Label:Plant3 SpatiallyLoaded:1 Bounds:IsValid=true, Min=(X=1155.000 Y=2055.000 Z=-5.000), Max=(X=1255.000 Y=2155.000 Z=145.000) RuntimeGrid:None EditorOnly:0 RuntimeOnly:0 HLODRelevant:1
 |   |   |- Guid:D25EC82143C6F92096B7D3B06B162519 BaseClass: NativeClass:/Script/Engine.SkyLight Name:SkyLight_1 Label:SkyLight SpatiallyLoaded:0 Bounds:IsValid=true, Min=(X=0.000 Y=0.000 Z=690.000), Max=(X=0.000 Y=0.000 Z=690.000) RuntimeGrid:None EditorOnly:0 RuntimeOnly:0 HLODRelevant:0 FolderPath:Lighting FolderGuid:963EC3EB4002CCE9759E2EBA541A873A
 |   |   |- Guid:D704DAAB4B8984CFE648A4889995E0BC BaseClass: NativeClass:/Script/Engine.StaticMeshActor Name:StaticMeshActor_UAID_B88584C32F88D16C01_1298709000 Label:Drinkstation SpatiallyLoaded:1 Bounds:IsValid=true, Min=(X=1304.797 Y=1590.000 Z=-7.500), Max=(X=2104.797 Y=1790.000 Z=167.500) RuntimeGrid:None EditorOnly:0 RuntimeOnly:0 HLODRelevant:1
 |   |   |- Guid:D995168C45F7CCB46C968CA811C27203 BaseClass: NativeClass:/Script/Engine.TextRenderActor Name:TextRenderActor_UAID_B88584C32F88D26C01_1955481209 Label:TextRenderActor14 SpatiallyLoaded:1 Bounds:IsValid=true, Min=(X=629.900 Y=460.000 Z=332.513), Max=(X=808.746 Y=460.000 Z=407.513) RuntimeGrid:None EditorOnly:0 RuntimeOnly:0 HLODRelevant:0
 |   |   |- Guid:DE4E16914A917305404CCCB8AB92C4F2 BaseClass: NativeClass:/Script/Engine.TextRenderActor Name:TextRenderActor_UAID_B88584C32F88D46C01_1345736582 Label:TextRenderActor20 SpatiallyLoaded:1 Bounds:IsValid=true, Min=(X=707.881 Y=1785.000 Z=318.763), Max=(X=1369.900 Y=1785.000 Z=431.263) RuntimeGrid:None EditorOnly:0 RuntimeOnly:0 HLODRelevant:0
 |   |   |- Guid:E6F336A74A580D76B5CA3BA3EF7841F7 BaseClass: NativeClass:/Script/Engine.StaticMeshActor Name:StaticMeshActor_UAID_B88584C32F88D26C01_1400676199 Label:Oven SpatiallyLoaded:1 Bounds:IsValid=true, Min=(X=2630.000 Y=700.000 Z=22.500), Max=(X=2930.000 Y=1100.000 Z=197.500) RuntimeGrid:None EditorOnly:0 RuntimeOnly:0 HLODRelevant:1
 |   |   |- Guid:E7C76258495D1BB5900AB09437603858 BaseClass: NativeClass:/Script/Engine.StaticMeshActor Name:StaticMeshActor_22 Label:SM_QuarterCylinder4 SpatiallyLoaded:1 Bounds:IsValid=true, Min=(X=215.000 Y=1740.000 Z=290.000), Max=(X=315.000 Y=1940.000 Z=390.000) RuntimeGrid:None EditorOnly:0 RuntimeOnly:0 HLODRelevant:1 FolderPath:Door FolderGuid:7B7009C345D3D6DD94D3429E1D79C034
 |   |   |- Guid:EBB6FC19462E8C8062BE9EAE2699C17A BaseClass: NativeClass:/Script/Engine.StaticMeshActor Name:StaticMeshActor_UAID_B88584C32F88D16C01_1681611005 Label:SM_Cube14 SpatiallyLoaded:1 Bounds:IsValid=true, Min=(X=1300.000 Y=1790.000 Z=0.000), Max=(X=3000.000 Y=1890.000 Z=400.000) RuntimeGrid:None EditorOnly:0 RuntimeOnly:0 HLODRelevant:1 FolderPath:Playground FolderGuid:C73F09FC4215536B1DCE2A9E0A830C70
 |   |   |- Guid:F5B287EA4FC08FFA40F87B921BF11162 BaseClass: NativeClass:/Script/Engine.StaticMeshActor Name:StaticMeshActor_UAID_B88584C32F88D46C01_1093620579 Label:Trash SpatiallyLoaded:1 Bounds:IsValid=true, Min=(X=590.000 Y=1640.000 Z=-5.000), Max=(X=740.000 Y=1790.000 Z=195.000) RuntimeGrid:None EditorOnly:0 RuntimeOnly:0 HLODRelevant:1
 |   |   |- Guid:F8CBC36C40EE1A45CBE42E9FBD9EB09E BaseClass: NativeClass:/Script/Engine.StaticMeshActor Name:StaticMeshActor_UAID_B88584C32F88D26C01_1696274204 Label:Cabinets2 SpatiallyLoaded:1 Bounds:IsValid=true, Min=(X=1977.500 Y=97.500 Z=337.500), Max=(X=2902.500 Y=322.500 Z=562.500) RuntimeGrid:None EditorOnly:0 RuntimeOnly:0 HLODRelevant:1
 |   |   |- Guid:F94DC9EF440C7CEE8BE0289C84A8A9BE BaseClass: NativeClass:/Script/Engine.TextRenderActor Name:TextRenderActor_UAID_B88584C32F88D36C01_1124324389 Label:TextRenderActor16 SpatiallyLoaded:1 Bounds:IsValid=true, Min=(X=2849.900 Y=3190.000 Z=22.513), Max=(X=2849.900 Y=3322.692 Z=97.513) RuntimeGrid:None EditorOnly:0 RuntimeOnly:0 HLODRelevant:0
 |   |   |- Guid:FF532B244232E07B3A8B179072C633D9 BaseClass: NativeClass:/Script/Engine.StaticMeshActor Name:StaticMeshActor_UAID_B88584C32F88D36C01_1186637390 Label:Vent4 SpatiallyLoaded:1 Bounds:IsValid=true, Min=(X=-247.700 Y=3187.500 Z=0.000), Max=(X=127.300 Y=3312.500 Z=100.000) RuntimeGrid:None EditorOnly:0 RuntimeOnly:0 HLODRelevant:1
 |   |- [+] Clusters:
 |   |   |- [+] [  0]
 |   |   |   |- Guid:4326C1C84A86601C733357A23179EC5F BaseClass: NativeClass:/Script/Engine.WorldDataLayers Name:WorldDataLayers Label:WorldDataLayers-1 SpatiallyLoaded:0 Bounds:IsValid=true, Min=(X=0.000 Y=0.000 Z=0.000), Max=(X=0.000 Y=0.000 Z=0.000) RuntimeGrid:None EditorOnly:0 RuntimeOnly:0 HLODRelevant:0
 |   |   |- [+] [  1]
 |   |   |   |- Guid:CAFA1F854839F6D62644F5A90D6EFA8B BaseClass: NativeClass:/Script/Engine.StaticMeshActor Name:StaticMeshActor_4 Label:SM_Cube6 SpatiallyLoaded:1 Bounds:IsValid=true, Min=(X=2900.000 Y=100.000 Z=0.000), Max=(X=3000.000 Y=3400.000 Z=400.000) RuntimeGrid:None EditorOnly:0 RuntimeOnly:0 HLODRelevant:1 FolderPath:Playground FolderGuid:C73F09FC4215536B1DCE2A9E0A830C70
 |   |   |- [+] [  2]
 |   |   |   |- Guid:0729A09545B2E0C41C6479B0892B4933 BaseClass: NativeClass:/Script/Engine.DirectionalLight Name:DirectionalLight_0 Label:DirectionalLight SpatiallyLoaded:0 Bounds:IsValid=true, Min=(X=-1048576.000 Y=-1048576.000 Z=-1048576.000), Max=(X=1048576.000 Y=1048576.000 Z=1048576.000) RuntimeGrid:None EditorOnly:0 RuntimeOnly:0 HLODRelevant:0 FolderPath:Lighting FolderGuid:963EC3EB4002CCE9759E2EBA541A873A
 |   |   |- [+] [  3]
 |   |   |   |- Guid:C6BABD8F4E3CD55DC0B468A241BB6E1C BaseClass: NativeClass:/Script/Engine.StaticMeshActor Name:StaticMeshActor_5 Label:SM_Cube2 SpatiallyLoaded:1 Bounds:IsValid=true, Min=(X=0.000 Y=0.000 Z=0.000), Max=(X=3000.000 Y=100.000 Z=400.000) RuntimeGrid:None EditorOnly:0 RuntimeOnly:0 HLODRelevant:1 FolderPath:Playground FolderGuid:C73F09FC4215536B1DCE2A9E0A830C70
 |   |   |- [+] [  4]
 |   |   |   |- Guid:710BFE0544E6BC6DF5AFEEBF08FF8501 BaseClass: NativeClass:/Script/Engine.StaticMeshActor Name:StaticMeshActor_UAID_B88584C32F88D26C01_1920815208 Label:Fridge SpatiallyLoaded:1 Bounds:IsValid=true, Min=(X=550.000 Y=142.500 Z=7.500), Max=(X=850.000 Y=417.500 Z=432.500) RuntimeGrid:None EditorOnly:0 RuntimeOnly:0 HLODRelevant:1
 |   |   |- [+] [  5]
 |   |   |   |- Guid:DE4E16914A917305404CCCB8AB92C4F2 BaseClass: NativeClass:/Script/Engine.TextRenderActor Name:TextRenderActor_UAID_B88584C32F88D46C01_1345736582 Label:TextRenderActor20 SpatiallyLoaded:1 Bounds:IsValid=true, Min=(X=707.881 Y=1785.000 Z=318.763), Max=(X=1369.900 Y=1785.000 Z=431.263) RuntimeGrid:None EditorOnly:0 RuntimeOnly:0 HLODRelevant:0
 |   |   |- [+] [  6]
 |   |   |   |- Guid:CBE74223431AEA58E2DB498D777C4E2A BaseClass: NativeClass:/Script/Engine.StaticMeshActor Name:StaticMeshActor_UAID_B88584C32F88D56C01_1144059765 Label:Plant3 SpatiallyLoaded:1 Bounds:IsValid=true, Min=(X=1155.000 Y=2055.000 Z=-5.000), Max=(X=1255.000 Y=2155.000 Z=145.000) RuntimeGrid:None EditorOnly:0 RuntimeOnly:0 HLODRelevant:1
 |   |   |- [+] [  7]
 |   |   |   |- Guid:949E49604983FC2A41025A9EA6E6C194 BaseClass: NativeClass:/Script/Engine.TextRenderActor Name:TextRenderActor_UAID_B88584C32F88D56C01_1160769768 Label:TextRenderActor22 SpatiallyLoaded:1 Bounds:IsValid=true, Min=(X=1374.900 Y=2100.000 Z=118.763), Max=(X=1647.496 Y=2100.000 Z=231.263) RuntimeGrid:None EditorOnly:0 RuntimeOnly:0 HLODRelevant:0
 |   |   |- [+] [  8]
 |   |   |   |- Guid:829BBFE0448A0FB1DF3E758541BE8355 BaseClass: NativeClass:/Script/Engine.SkyAtmosphere Name:SkyAtmosphere_0 Label:SkyAtmosphere SpatiallyLoaded:0 Bounds:IsValid=true, Min=(X=0.000 Y=0.000 Z=1020.000), Max=(X=0.000 Y=0.000 Z=1020.000) RuntimeGrid:None EditorOnly:0 RuntimeOnly:0 HLODRelevant:0 FolderPath:Lighting FolderGuid:963EC3EB4002CCE9759E2EBA541A873A
 |   |   |- [+] [  9]
 |   |   |   |- Guid:BC3C91A545E9FF258B4F94BD5884B994 BaseClass: NativeClass:/Script/Engine.StaticMeshActor Name:StaticMeshActor_UAID_B88584C32F88D16C01_1081065997 Label:Vent SpatiallyLoaded:1 Bounds:IsValid=true, Min=(X=-247.500 Y=237.500 Z=0.000), Max=(X=127.500 Y=362.500 Z=100.000) RuntimeGrid:None EditorOnly:0 RuntimeOnly:0 HLODRelevant:1
 |   |   |- [+] [ 10]
 |   |   |   |- Guid:B3CF86724DBA076663A48A8F225842AE BaseClass: NativeClass:/Script/Engine.StaticMeshActor Name:StaticMeshActor_UAID_B88584C32F88D46C01_1489006584 Label:SM_Cube18 SpatiallyLoaded:1 Bounds:IsValid=true, Min=(X=800.000 Y=1790.000 Z=-240.000), Max=(X=1300.000 Y=1890.000 Z=160.000) RuntimeGrid:None EditorOnly:0 RuntimeOnly:0 HLODRelevant:1 FolderPath:Playground FolderGuid:C73F09FC4215536B1DCE2A9E0A830C70
 |   |   |- [+] [ 11]
 |   |   |   |- Guid:9E75B2184E5A10E9C529D6BAF4D94FE8 BaseClass: NativeClass:/Script/Engine.StaticMeshActor Name:StaticMeshActor_UAID_B88584C32F88D46C01_2023082585 Label:Plant SpatiallyLoaded:1 Bounds:IsValid=true, Min=(X=1750.000 Y=3175.000 Z=-5.000), Max=(X=1900.000 Y=3325.000 Z=195.000) RuntimeGrid:None EditorOnly:0 RuntimeOnly:0 HLODRelevant:1
 |   |   |- [+] [ 12]
 |   |   |   |- Guid:8018E727498FE4270695FF863AF79536 BaseClass: NativeClass:/Script/Engine.StaticMeshActor Name:StaticMeshActor_UAID_B88584C32F88D56C01_1112602764 Label:Plant2 SpatiallyLoaded:1 Bounds:IsValid=true, Min=(X=930.000 Y=2055.000 Z=-5.000), Max=(X=1030.000 Y=2155.000 Z=145.000) RuntimeGrid:None EditorOnly:0 RuntimeOnly:0 HLODRelevant:1
 |   |   |- [+] [ 13]
 |   |   |   |- Guid:7F52D36F43813E207A2F8C8EC1FD2035 BaseClass: NativeClass:/Script/Engine.StaticMeshActor Name:StaticMeshActor_UAID_B88584C32F88D56C01_1145700766 Label:Plant4 SpatiallyLoaded:1 Bounds:IsValid=true, Min=(X=1565.000 Y=2055.000 Z=-5.000), Max=(X=1665.000 Y=2155.000 Z=145.000) RuntimeGrid:None EditorOnly:0 RuntimeOnly:0 HLODRelevant:1
 |   |   |- [+] [ 14]
 |   |   |   |- Guid:842203AF48920F44C21B6DA27B874687 BaseClass: NativeClass:/Script/Engine.PostProcessVolume Name:PostProcessVolume_0 Label:PostProcessVolume SpatiallyLoaded:0 Bounds:IsValid=true, Min=(X=0.000 Y=0.000 Z=400.000), Max=(X=200.000 Y=200.000 Z=600.000) RuntimeGrid:None EditorOnly:0 RuntimeOnly:0 HLODRelevant:0 FolderPath:Lighting FolderGuid:963EC3EB4002CCE9759E2EBA541A873A
 |   |   |- [+] [ 15]
 |   |   |   |- Guid:12A0B8604F0DF4BD8F7F1BB671077999 BaseClass: NativeClass:/Script/Engine.ExponentialHeightFog Name:ExponentialHeightFog_0 Label:ExponentialHeightFog SpatiallyLoaded:0 Bounds:IsValid=true, Min=(X=-5600.000 Y=-50.000 Z=-6850.000), Max=(X=-5600.000 Y=-50.000 Z=-6850.000) RuntimeGrid:None EditorOnly:0 RuntimeOnly:0 HLODRelevant:0 FolderPath:Lighting FolderGuid:963EC3EB4002CCE9759E2EBA541A873A
 |   |   |- [+] [ 16]
 |   |   |   |- Guid:0EE6ED804F67532C8036EE884970D5D7 BaseClass: NativeClass:/Script/Engine.StaticMeshActor Name:StaticMeshActor_UAID_B88584C32F88D16C01_1901681011 Label:SM_Cube16 SpatiallyLoaded:1 Bounds:IsValid=true, Min=(X=2300.000 Y=1740.000 Z=290.000), Max=(X=2400.000 Y=1940.000 Z=390.000) RuntimeGrid:None EditorOnly:0 RuntimeOnly:0 HLODRelevant:1 FolderPath:Door FolderGuid:7B7009C345D3D6DD94D3429E1D79C034
 |   |   |- [+] [ 17]
 |   |   |   |- Guid:55D4A8A3420CA8E0932420A5C19940E8 BaseClass: NativeClass:/Script/Engine.StaticMeshActor Name:StaticMeshActor_UAID_B88584C32F88D36C01_1124323388 Label:Vent3 SpatiallyLoaded:1 Bounds:IsValid=true, Min=(X=2872.500 Y=3187.500 Z=0.000), Max=(X=3247.500 Y=3312.500 Z=100.000) RuntimeGrid:None EditorOnly:0 RuntimeOnly:0 HLODRelevant:1
 |   |   |- [+] [ 18]
 |   |   |   |- Guid:683999B94D77F4DDAD0F67A99D0A4635 BaseClass: NativeClass:/Script/Engine.StaticMeshActor Name:StaticMeshActor_UAID_B88584C32F88D36C01_1711921396 Label:Shelves SpatiallyLoaded:1 Bounds:IsValid=true, Min=(X=2705.000 Y=1860.000 Z=137.500), Max=(X=3005.000 Y=3410.000 Z=162.500) RuntimeGrid:None EditorOnly:0 RuntimeOnly:0 HLODRelevant:1
 |   |   |- [+] [ 19]
 |   |   |   |- Guid:B56F66804DB6CF4101F410B1C7A97F68 BaseClass: NativeClass:/Script/Engine.StaticMeshActor Name:StaticMeshActor_UAID_B88584C32F88D36C01_1978674400 Label:Table SpatiallyLoaded:1 Bounds:IsValid=true, Min=(X=600.000 Y=2400.000 Z=-7.500), Max=(X=1600.000 Y=3000.000 Z=167.500) RuntimeGrid:None EditorOnly:0 RuntimeOnly:0 HLODRelevant:1
 |   |   |- [+] [ 20]
 |   |   |   |- Guid:54A09D574DCBECDFF8A44D989E31E710 BaseClass: NativeClass:/Script/Engine.TextRenderActor Name:TextRenderActor_UAID_B88584C32F88D46C01_2037641586 Label:TextRenderActor21 SpatiallyLoaded:1 Bounds:IsValid=true, Min=(X=1703.362 Y=3135.000 Z=206.263), Max=(X=1939.900 Y=3135.000 Z=243.763) RuntimeGrid:None EditorOnly:0 RuntimeOnly:0 HLODRelevant:0
 |   |   |- [+] [ 21]
 |   |   |   |- Guid:3997BBA84F37329EF313F7BE4EB58DFE BaseClass: NativeClass:/Script/Engine.StaticMeshActor Name:StaticMeshActor_16 Label:SM_Cube11 SpatiallyLoaded:1 Bounds:IsValid=true, Min=(X=215.000 Y=1740.000 Z=-10.000), Max=(X=515.000 Y=1940.000 Z=290.000) RuntimeGrid:None EditorOnly:0 RuntimeOnly:0 HLODRelevant:1 FolderPath:Door FolderGuid:7B7009C345D3D6DD94D3429E1D79C034
 |   |   |- [+] [ 22]
 |   |   |   |- Guid:64E2E296486CAE9762152880B7A9EFC8 BaseClass: NativeClass:/Script/Engine.PlayerStart Name:PlayerStart_0 Label:PlayerStart SpatiallyLoaded:0 Bounds:IsValid=true, Min=(X=370.000 Y=1070.000 Z=0.013), Max=(X=450.000 Y=1150.000 Z=184.013) RuntimeGrid:None EditorOnly:0 RuntimeOnly:0 HLODRelevant:0
 |   |   |- [+] [ 23]
 |   |   |   |- Guid:701CB906421EC70381C2CA87D89F90C6 BaseClass: NativeClass:/Script/Engine.TextRenderActor Name:TextRenderActor_UAID_B88584C32F88D16C01_1196100999 Label:TextRenderActor4 SpatiallyLoaded:1 Bounds:IsValid=true, Min=(X=229.900 Y=1236.923 Z=161.263), Max=(X=229.900 Y=1410.000 Z=198.763) RuntimeGrid:None EditorOnly:0 RuntimeOnly:0 HLODRelevant:0
 |   |   |- [+] [ 24]
 |   |   |   |- Guid:606ADA3A4291A8516CF205802283A0DE BaseClass: NativeClass:/Script/Engine.StaticMeshActor Name:StaticMeshActor_UAID_B88584C32F88D16C01_1525532003 Label:Soda SpatiallyLoaded:1 Bounds:IsValid=true, Min=(X=1833.333 Y=1657.500 Z=147.500), Max=(X=1983.333 Y=1782.500 Z=272.500) RuntimeGrid:None EditorOnly:0 RuntimeOnly:0 HLODRelevant:1
 |   |   |- [+] [ 25]
 |   |   |   |- Guid:648099574704144C828533A1DB89B961 BaseClass: NativeClass:/Script/Engine.StaticMeshActor Name:StaticMeshActor_UAID_B88584C32F88D16C01_2087396017 Label:Counter SpatiallyLoaded:1 Bounds:IsValid=true, Min=(X=537.500 Y=65.000 Z=-7.500), Max=(X=2662.500 Y=415.000 Z=167.500) RuntimeGrid:None EditorOnly:0 RuntimeOnly:0 HLODRelevant:1
 |   |   |- [+] [ 26]
 |   |   |   |- Guid:B28CAC4649BCDE974BF0C9A6CB482CF7 BaseClass: NativeClass:/Script/Engine.TextRenderActor Name:TextRenderActor_UAID_B88584C32F88D26C01_2057583210 Label:TextRenderActor15 SpatiallyLoaded:1 Bounds:IsValid=true, Min=(X=239.900 Y=230.000 Z=252.513), Max=(X=372.592 Y=230.000 Z=327.513) RuntimeGrid:None EditorOnly:0 RuntimeOnly:0 HLODRelevant:0
 |   |   |- [+] [ 27]
 |   |   |   |- Guid:652A595347F733BC9FB26283E89274A9 BaseClass: NativeClass:/Script/Engine.StaticMeshActor Name:StaticMeshActor_UAID_B88584C32F88D36C01_1769373399 Label:Shelves4 SpatiallyLoaded:1 Bounds:IsValid=true, Min=(X=1995.000 Y=3195.000 Z=302.500), Max=(X=2995.000 Y=3495.000 Z=327.500) RuntimeGrid:None EditorOnly:0 RuntimeOnly:0 HLODRelevant:1
 |   |   |- [+] [ 28]
 |   |   |   |- Guid:04EFD8D947F3F33F94AE9D9A03AC30A8 BaseClass: NativeClass:/Script/Engine.TextRenderActor Name:TextRenderActor_UAID_B88584C32F88D36C01_2042643401 Label:TextRenderActor18 SpatiallyLoaded:1 Bounds:IsValid=true, Min=(X=966.246 Y=2665.000 Z=148.763), Max=(X=1199.900 Y=2665.000 Z=261.263) RuntimeGrid:None EditorOnly:0 RuntimeOnly:0 HLODRelevant:0
 |   |   |- [+] [ 29]
 |   |   |   |- Guid:5297788247D9FD42EC549AA6CC859D94 BaseClass: NativeClass:/Script/Engine.StaticMeshActor Name:StaticMeshActor_UAID_B88584C32F88D56C01_1080973763 Label:ServingWindow2 SpatiallyLoaded:1 Bounds:IsValid=true, Min=(X=1297.500 Y=1797.500 Z=142.500), Max=(X=1772.500 Y=2022.500 Z=167.500) RuntimeGrid:None EditorOnly:0 RuntimeOnly:0 HLODRelevant:1
 |   |   |- [+] [ 30]
 |   |   |   |- Guid:4AA9C4554015D70833F877B2FFB8A7E2 BaseClass: NativeClass:/Script/Engine.StaticMeshActor Name:StaticMeshActor_UAID_A4AE111137DC5EFB00_1110535423 Label:SM_SkySphere SpatiallyLoaded:1 Bounds:IsValid=true, Min=(X=-1638400.000 Y=-1638400.000 Z=-1638400.000), Max=(X=1638400.000 Y=1638400.000 Z=1638400.000) RuntimeGrid:None EditorOnly:0 RuntimeOnly:0 HLODRelevant:1 FolderPath:Lighting FolderGuid:963EC3EB4002CCE9759E2EBA541A873A
 |   |   |- [+] [ 31]
 |   |   |   |- Guid:BCDF71324791417A03BF6D94F86A553E BaseClass: NativeClass:/Script/Engine.TextRenderActor Name:TextRenderActor_UAID_B88584C32F88D06C01_2070359820 Label:TextRenderActor3 SpatiallyLoaded:1 Bounds:IsValid=true, Min=(X=479.900 Y=1020.000 Z=241.263), Max=(X=753.938 Y=1020.000 Z=278.763) RuntimeGrid:None EditorOnly:0 RuntimeOnly:0 HLODRelevant:0
 |   |   |- [+] [ 32]
 |   |   |   |- Guid:24DAFFD14BFB5BEFB387CA93698C6687 BaseClass: NativeClass:/Script/Engine.TextRenderActor Name:TextRenderActor_UAID_B88584C32F88D16C01_1869599008 Label:TextRenderActor6 SpatiallyLoaded:1 Bounds:IsValid=true, Min=(X=292.208 Y=1700.000 Z=282.513), Max=(X=424.900 Y=1700.000 Z=357.513) RuntimeGrid:None EditorOnly:0 RuntimeOnly:0 HLODRelevant:0
 |   |   |- [+] [ 33]
 |   |   |   |- Guid:14F3951A442786EBB2958C8E9E8A80EA BaseClass: NativeClass:/Script/Engine.TextRenderActor Name:TextRenderActor_UAID_B88584C32F88D16C01_2026687016 Label:TextRenderActor8 SpatiallyLoaded:1 Bounds:IsValid=true, Min=(X=1259.900 Y=1020.000 Z=241.263), Max=(X=1424.323 Y=1020.000 Z=278.763) RuntimeGrid:None EditorOnly:0 RuntimeOnly:0 HLODRelevant:0
 |   |   |- [+] [ 34]
 |   |   |   |- Guid:81DDED0A48C01E81049091962F00A519 BaseClass: NativeClass:/Script/Engine.TextRenderActor Name:TextRenderActor_UAID_B88584C32F88D26C01_1328827198 Label:TextRenderActor10 SpatiallyLoaded:1 Bounds:IsValid=true, Min=(X=119.900 Y=204.615 Z=65.013), Max=(X=119.900 Y=470.000 Z=215.013) RuntimeGrid:None EditorOnly:0 RuntimeOnly:0 HLODRelevant:0
 |   |   |- [+] [ 35]
 |   |   |   |- Guid:96A9E2164B4453765FB3FD92D7004172 BaseClass: NativeClass:/Script/Engine.StaticMeshActor Name:StaticMeshActor_UAID_B88584C32F88D26C01_1528199201 Label:UtensilRack SpatiallyLoaded:1 Bounds:IsValid=true, Min=(X=2840.000 Y=977.500 Z=405.000), Max=(X=2940.000 Y=1502.500 Z=455.000) RuntimeGrid:None EditorOnly:0 RuntimeOnly:0 HLODRelevant:1
 |   |   |- [+] [ 36]
 |   |   |   |- Guid:3ED26E8E464590803FAB20A361DEB235 BaseClass: NativeClass:/Script/Engine.StaticMeshActor Name:StaticMeshActor_UAID_B88584C32F88D36C01_1769372398 Label:Shelves3 SpatiallyLoaded:1 Bounds:IsValid=true, Min=(X=1995.000 Y=3195.000 Z=137.500), Max=(X=2995.000 Y=3495.000 Z=162.500) RuntimeGrid:None EditorOnly:0 RuntimeOnly:0 HLODRelevant:1
 |   |   |- [+] [ 37]
 |   |   |   |- Guid:8D57576B463068729F62D3921DAC9D7A BaseClass: NativeClass:/Script/Engine.VolumetricCloud Name:VolumetricCloud_0 Label:VolumetricCloud SpatiallyLoaded:0 Bounds:IsValid=true, Min=(X=0.000 Y=0.000 Z=820.000), Max=(X=0.000 Y=0.000 Z=820.000) RuntimeGrid:None EditorOnly:0 RuntimeOnly:0 HLODRelevant:0 FolderPath:Lighting FolderGuid:963EC3EB4002CCE9759E2EBA541A873A
 |   |   |- [+] [ 38]
 |   |   |   |- Guid:B6E142104281404711B8ABAB0EA8FB71 BaseClass: NativeClass:/Script/Engine.StaticMeshActor Name:StaticMeshActor_UAID_B88584C32F88D16C01_1989719015 Label:Drinkstation2 SpatiallyLoaded:1 Bounds:IsValid=true, Min=(X=877.500 Y=725.000 Z=-7.500), Max=(X=1902.500 Y=1275.000 Z=167.500) RuntimeGrid:None EditorOnly:0 RuntimeOnly:0 HLODRelevant:1
 |   |   |- [+] [ 39]
 |   |   |   |- Guid:5EC7557B466D5DE79BD7E3A98E13E876 BaseClass: NativeClass:/Script/Engine.StaticMeshActor Name:StaticMeshActor_UAID_B88584C32F88D26C01_1616072203 Label:Cabinets SpatiallyLoaded:1 Bounds:IsValid=true, Min=(X=2700.000 Y=200.000 Z=337.500), Max=(X=2900.000 Y=700.000 Z=562.500) RuntimeGrid:None EditorOnly:0 RuntimeOnly:0 HLODRelevant:1
 |   |   |- [+] [ 40]
 |   |   |   |- Guid:F8CBC36C40EE1A45CBE42E9FBD9EB09E BaseClass: NativeClass:/Script/Engine.StaticMeshActor Name:StaticMeshActor_UAID_B88584C32F88D26C01_1696274204 Label:Cabinets2 SpatiallyLoaded:1 Bounds:IsValid=true, Min=(X=1977.500 Y=97.500 Z=337.500), Max=(X=2902.500 Y=322.500 Z=562.500) RuntimeGrid:None EditorOnly:0 RuntimeOnly:0 HLODRelevant:1
 |   |   |- [+] [ 41]
 |   |   |   |- Guid:19C9EA754B9EB133C88F4EBD9BE3BEA1 BaseClass: NativeClass:/Script/Engine.StaticMeshActor Name:StaticMeshActor_UAID_B88584C32F88D26C01_2137842211 Label:SM_Cube7 SpatiallyLoaded:1 Bounds:IsValid=true, Min=(X=1990.000 Y=1790.000 Z=0.000), Max=(X=2090.000 Y=3490.000 Z=400.000) RuntimeGrid:None EditorOnly:0 RuntimeOnly:0 HLODRelevant:1 FolderPath:Playground FolderGuid:C73F09FC4215536B1DCE2A9E0A830C70
 |   |   |- [+] [ 42]
 |   |   |   |- Guid:FF532B244232E07B3A8B179072C633D9 BaseClass: NativeClass:/Script/Engine.StaticMeshActor Name:StaticMeshActor_UAID_B88584C32F88D36C01_1186637390 Label:Vent4 SpatiallyLoaded:1 Bounds:IsValid=true, Min=(X=-247.700 Y=3187.500 Z=0.000), Max=(X=127.300 Y=3312.500 Z=100.000) RuntimeGrid:None EditorOnly:0 RuntimeOnly:0 HLODRelevant:1
 |   |   |- [+] [ 43]
 |   |   |   |- Guid:A24F598B4FD013B7379DF88BC3435C96 BaseClass: NativeClass:/Script/Engine.StaticMeshActor Name:StaticMeshActor_UAID_B88584C32F88D46C01_1288607581 Label:ServingWindow SpatiallyLoaded:1 Bounds:IsValid=true, Min=(X=800.000 Y=1597.500 Z=142.500), Max=(X=1300.000 Y=2022.500 Z=167.500) RuntimeGrid:None EditorOnly:0 RuntimeOnly:0 HLODRelevant:1
 |   |   |- [+] [ 44]
 |   |   |   |- Guid:51A314074CD7415EC101F5B65A66BF86 BaseClass: NativeClass:/Script/Engine.StaticMeshActor Name:StaticMeshActor_24 Label:SM_Cube13 SpatiallyLoaded:1 Bounds:IsValid=true, Min=(X=315.000 Y=1740.000 Z=290.000), Max=(X=415.000 Y=1940.000 Z=390.000) RuntimeGrid:None EditorOnly:0 RuntimeOnly:0 HLODRelevant:1 FolderPath:Door FolderGuid:7B7009C345D3D6DD94D3429E1D79C034
 |   |   |- [+] [ 45]
 |   |   |   |- Guid:8FD9E43243867635608C109B8DC7EF34 BaseClass: NativeClass:/Script/Engine.StaticMeshActor Name:StaticMeshActor_UAID_B88584C32F88D16C01_1146806998 Label:IceMachine SpatiallyLoaded:1 Bounds:IsValid=true, Min=(X=75.000 Y=1255.000 Z=0.000), Max=(X=225.000 Y=1405.000 Z=200.000) RuntimeGrid:None EditorOnly:0 RuntimeOnly:0 HLODRelevant:1
 |   |   |- [+] [ 46]
 |   |   |   |- Guid:2BA891974A1A6DA3CF0A619E41329BB1 BaseClass: NativeClass:/Script/Engine.StaticMeshActor Name:StaticMeshActor_UAID_B88584C32F88D16C01_1503164002 Label:Tea SpatiallyLoaded:1 Bounds:IsValid=true, Min=(X=1613.333 Y=1657.500 Z=147.500), Max=(X=1763.333 Y=1782.500 Z=272.500) RuntimeGrid:None EditorOnly:0 RuntimeOnly:0 HLODRelevant:1
 |   |   |- [+] [ 47]
 |   |   |   |- Guid:5C980C2142A59E05BA28649DE292459D BaseClass: NativeClass:/Script/Engine.StaticMeshActor Name:StaticMeshActor_UAID_B88584C32F88D16C01_1901681012 Label:SM_QuarterCylinder7 SpatiallyLoaded:1 Bounds:IsValid=true, Min=(X=2200.000 Y=1740.000 Z=290.000), Max=(X=2300.000 Y=1940.000 Z=390.000) RuntimeGrid:None EditorOnly:0 RuntimeOnly:0 HLODRelevant:1 FolderPath:Door FolderGuid:7B7009C345D3D6DD94D3429E1D79C034
 |   |   |- [+] [ 48]
 |   |   |   |- Guid:D995168C45F7CCB46C968CA811C27203 BaseClass: NativeClass:/Script/Engine.TextRenderActor Name:TextRenderActor_UAID_B88584C32F88D26C01_1955481209 Label:TextRenderActor14 SpatiallyLoaded:1 Bounds:IsValid=true, Min=(X=629.900 Y=460.000 Z=332.513), Max=(X=808.746 Y=460.000 Z=407.513) RuntimeGrid:None EditorOnly:0 RuntimeOnly:0 HLODRelevant:0
 |   |   |- [+] [ 49]
 |   |   |   |- Guid:B0E414CA47A17DD5C129E28399848211 BaseClass: NativeClass:/Script/Engine.StaticMeshActor Name:StaticMeshActor_UAID_B88584C32F88D36C01_1545912395 Label:Vent8 SpatiallyLoaded:1 Bounds:IsValid=true, Min=(X=-332.500 Y=3707.500 Z=0.000), Max=(X=3392.500 Y=3832.500 Z=100.000) RuntimeGrid:None EditorOnly:0 RuntimeOnly:0 HLODRelevant:1
 |   |   |- [+] [ 50]
 |   |   |   |- Guid:7952A0CC43313FD3E93536A8839CAE59 BaseClass: NativeClass:/Script/Engine.StaticMeshActor Name:StaticMeshActor_UAID_B88584C32F88D36C01_2111110402 Label:Shelves5 SpatiallyLoaded:1 Bounds:IsValid=true, Min=(X=-40.000 Y=505.000 Z=207.500), Max=(X=260.000 Y=1105.000 Z=232.500) RuntimeGrid:None EditorOnly:0 RuntimeOnly:0 HLODRelevant:1
 |   |   |- [+] [ 51]
 |   |   |   |- Guid:6DABE0F74866C08C58BEB8892891C7F9 BaseClass: NativeClass:/Script/Engine.StaticMeshActor Name:StaticMeshActor_1 Label:SM_Cube SpatiallyLoaded:1 Bounds:IsValid=true, Min=(X=0.000 Y=0.000 Z=-50.000), Max=(X=3000.000 Y=3500.000 Z=0.000) RuntimeGrid:None EditorOnly:0 RuntimeOnly:0 HLODRelevant:1 FolderPath:Playground FolderGuid:C73F09FC4215536B1DCE2A9E0A830C70
 |   |   |- [+] [ 52]
 |   |   |   |- Guid:D704DAAB4B8984CFE648A4889995E0BC BaseClass: NativeClass:/Script/Engine.StaticMeshActor Name:StaticMeshActor_UAID_B88584C32F88D16C01_1298709000 Label:Drinkstation SpatiallyLoaded:1 Bounds:IsValid=true, Min=(X=1304.797 Y=1590.000 Z=-7.500), Max=(X=2104.797 Y=1790.000 Z=167.500) RuntimeGrid:None EditorOnly:0 RuntimeOnly:0 HLODRelevant:1
 |   |   |- [+] [ 53]
 |   |   |   |- Guid:520EBB58428A99BCF861A280AB638AEC BaseClass: NativeClass:/Script/Engine.StaticMeshActor Name:StaticMeshActor_UAID_B88584C32F88D16C01_1901680009 Label:SM_Cube15 SpatiallyLoaded:1 Bounds:IsValid=true, Min=(X=2200.000 Y=1740.000 Z=-10.000), Max=(X=2500.000 Y=1940.000 Z=290.000) RuntimeGrid:None EditorOnly:0 RuntimeOnly:0 HLODRelevant:1 FolderPath:Door FolderGuid:7B7009C345D3D6DD94D3429E1D79C034
 |   |   |- [+] [ 54]
 |   |   |   |- Guid:5FF87A6D4BE4AFD28F6ED780815EB8F7 BaseClass: NativeClass:/Script/Engine.TextRenderActor Name:TextRenderActor_UAID_B88584C32F88D26C01_1281411197 Label:TextRenderActor9 SpatiallyLoaded:1 Bounds:IsValid=true, Min=(X=2849.900 Y=1590.000 Z=302.513), Max=(X=2849.900 Y=1722.692 Z=377.513) RuntimeGrid:None EditorOnly:0 RuntimeOnly:0 HLODRelevant:0
 |   |   |- [+] [ 55]
 |   |   |   |- Guid:9C2F4607424AE8C2EE88FC8E5791DB11 BaseClass: NativeClass:/Script/Engine.StaticMeshActor Name:StaticMeshActor_UAID_B88584C32F88D36C01_1510476394 Label:Vent7 SpatiallyLoaded:1 Bounds:IsValid=true, Min=(X=3247.500 Y=1587.500 Z=-42.500), Max=(X=3372.500 Y=1712.500 Z=382.500) RuntimeGrid:None EditorOnly:0 RuntimeOnly:0 HLODRelevant:1
 |   |   |- [+] [ 56]
 |   |   |   |- Guid:BCBF903946F8CB1C11AB0C92489B6130 BaseClass: NativeClass:/Script/Engine.StaticMeshActor Name:StaticMeshActor_UAID_B88584C32F88D56C01_1154618767 Label:Plant5 SpatiallyLoaded:1 Bounds:IsValid=true, Min=(X=1370.000 Y=2055.000 Z=-5.000), Max=(X=1470.000 Y=2155.000 Z=145.000) RuntimeGrid:None EditorOnly:0 RuntimeOnly:0 HLODRelevant:1
 |   |   |- [+] [ 57]
 |   |   |   |- Guid:B1F60B9A49389F2F1168578497633DAA BaseClass: NativeClass:/Script/Engine.StaticMeshActor Name:StaticMeshActor_UAID_B88584C32F88D06C01_1120670815 Label:Freezer SpatiallyLoaded:1 Bounds:IsValid=true, Min=(X=115.000 Y=-97.500 Z=-27.500), Max=(X=1965.000 Y=177.500 Z=497.500) RuntimeGrid:None EditorOnly:0 RuntimeOnly:0 HLODRelevant:1
 |   |   |- [+] [ 58]
 |   |   |   |- Guid:BE18A228459EA857062FF8A8A06393FC BaseClass: NativeClass:/Script/Engine.StaticMeshActor Name:StaticMeshActor_UAID_B88584C32F88D06C01_1802669817 Label:FreezerDoor SpatiallyLoaded:1 Bounds:IsValid=true, Min=(X=122.500 Y=-67.500 Z=-2.500), Max=(X=497.500 Y=207.500 Z=372.500) RuntimeGrid:None EditorOnly:0 RuntimeOnly:0 HLODRelevant:1
 |   |   |- [+] [ 59]
 |   |   |   |- Guid:5C0D850B474129E1B6FE30B07658A145 BaseClass: NativeClass:/Script/Engine.StaticMeshActor Name:StaticMeshActor_UAID_B88584C32F88D36C01_1758331397 Label:Shelves2 SpatiallyLoaded:1 Bounds:IsValid=true, Min=(X=2705.000 Y=1860.000 Z=302.500), Max=(X=3005.000 Y=3410.000 Z=327.500) RuntimeGrid:None EditorOnly:0 RuntimeOnly:0 HLODRelevant:1
 |   |   |- [+] [ 60]
 |   |   |   |- Guid:515E08844AB9DF2A3414279B3D6941AE BaseClass: NativeClass:/Script/Engine.TextRenderActor Name:TextRenderActor_UAID_B88584C32F88D46C01_1186580580 Label:TextRenderActor19 SpatiallyLoaded:1 Bounds:IsValid=true, Min=(X=620.573 Y=1625.000 Z=156.263), Max=(X=699.900 Y=1625.000 Z=193.763) RuntimeGrid:None EditorOnly:0 RuntimeOnly:0 HLODRelevant:0
 |   |   |- [+] [ 61]
 |   |   |   |- Guid:E7C76258495D1BB5900AB09437603858 BaseClass: NativeClass:/Script/Engine.StaticMeshActor Name:StaticMeshActor_22 Label:SM_QuarterCylinder4 SpatiallyLoaded:1 Bounds:IsValid=true, Min=(X=215.000 Y=1740.000 Z=290.000), Max=(X=315.000 Y=1940.000 Z=390.000) RuntimeGrid:None EditorOnly:0 RuntimeOnly:0 HLODRelevant:1 FolderPath:Door FolderGuid:7B7009C345D3D6DD94D3429E1D79C034
 |   |   |- [+] [ 62]
 |   |   |   |- Guid:1BC555F54683F7CC772465B1B528C46E BaseClass: NativeClass:/Script/Engine.TextRenderActor Name:TextRenderActor_UAID_B88584C32F88D06C01_1934446818 Label:TextRenderActor2 SpatiallyLoaded:1 Bounds:IsValid=true, Min=(X=1079.900 Y=180.000 Z=223.763), Max=(X=1404.419 Y=180.000 Z=336.263) RuntimeGrid:None EditorOnly:0 RuntimeOnly:0 HLODRelevant:0
 |   |   |- [+] [ 63]
 |   |   |   |- Guid:BB147D5249C531633BE4939C7D1E94CA BaseClass: NativeClass:/Script/Engine.TextRenderActor Name:TextRenderActor_UAID_B88584C32F88D16C01_1410692001 Label:TextRenderActor5 SpatiallyLoaded:1 Bounds:IsValid=true, Min=(X=1519.900 Y=1560.000 Z=162.513), Max=(X=1894.900 Y=1560.000 Z=237.513) RuntimeGrid:None EditorOnly:0 RuntimeOnly:0 HLODRelevant:0
 |   |   |- [+] [ 64]
 |   |   |   |- Guid:B919483E4FED9FC59F0DD789B9D4716F BaseClass: NativeClass:/Script/Engine.StaticMeshActor Name:StaticMeshActor_UAID_B88584C32F88D16C01_1527392004 Label:coffee SpatiallyLoaded:1 Bounds:IsValid=true, Min=(X=1393.333 Y=1657.500 Z=147.500), Max=(X=1543.333 Y=1782.500 Z=272.500) RuntimeGrid:None EditorOnly:0 RuntimeOnly:0 HLODRelevant:1
 |   |   |- [+] [ 65]
 |   |   |   |- Guid:64AD646448C6C78854582A91477BBF0F BaseClass: NativeClass:/Script/Engine.TextRenderActor Name:TextRenderActor_UAID_B88584C32F88D26C01_1452209200 Label:TextRenderActor11 SpatiallyLoaded:1 Bounds:IsValid=true, Min=(X=2869.900 Y=820.000 Z=212.513), Max=(X=2869.900 Y=995.962 Z=287.513) RuntimeGrid:None EditorOnly:0 RuntimeOnly:0 HLODRelevant:0
 |   |   |- [+] [ 66]
 |   |   |   |- Guid:5EBF6EF840F79B8C76A6B5A8F4DC591E BaseClass: NativeClass:/Script/Engine.StaticMeshActor Name:StaticMeshActor_6 Label:SM_Cube3 SpatiallyLoaded:1 Bounds:IsValid=true, Min=(X=0.000 Y=3400.000 Z=0.000), Max=(X=3000.000 Y=3500.000 Z=400.000) RuntimeGrid:None EditorOnly:0 RuntimeOnly:0 HLODRelevant:1 FolderPath:Playground FolderGuid:C73F09FC4215536B1DCE2A9E0A830C70
 |   |   |- [+] [ 67]
 |   |   |   |- Guid:F94DC9EF440C7CEE8BE0289C84A8A9BE BaseClass: NativeClass:/Script/Engine.TextRenderActor Name:TextRenderActor_UAID_B88584C32F88D36C01_1124324389 Label:TextRenderActor16 SpatiallyLoaded:1 Bounds:IsValid=true, Min=(X=2849.900 Y=3190.000 Z=22.513), Max=(X=2849.900 Y=3322.692 Z=97.513) RuntimeGrid:None EditorOnly:0 RuntimeOnly:0 HLODRelevant:0
 |   |   |- [+] [ 68]
 |   |   |   |- Guid:B8A113D04C16A1EBB01F639CC4AD57D0 BaseClass: NativeClass:/Script/Engine.TextRenderActor Name:TextRenderActor_UAID_B88584C32F88D36C01_1186637391 Label:TextRenderActor17 SpatiallyLoaded:1 Bounds:IsValid=true, Min=(X=149.900 Y=3177.308 Z=22.513), Max=(X=149.900 Y=3310.000 Z=97.513) RuntimeGrid:None EditorOnly:0 RuntimeOnly:0 HLODRelevant:0
 |   |   |- [+] [ 69]
 |   |   |   |- Guid:423DE21640C58760D77F9AAD3347C5C4 BaseClass: NativeClass:/Script/Engine.StaticMeshActor Name:StaticMeshActor_UAID_B88584C32F88D36C01_1475050393 Label:Vent6 SpatiallyLoaded:1 Bounds:IsValid=true, Min=(X=3247.500 Y=1665.000 Z=0.000), Max=(X=3372.500 Y=3715.000 Z=100.000) RuntimeGrid:None EditorOnly:0 RuntimeOnly:0 HLODRelevant:1
 |   |   |- [+] [ 70]
 |   |   |   |- Guid:D25EC82143C6F92096B7D3B06B162519 BaseClass: NativeClass:/Script/Engine.SkyLight Name:SkyLight_1 Label:SkyLight SpatiallyLoaded:0 Bounds:IsValid=true, Min=(X=0.000 Y=0.000 Z=690.000), Max=(X=0.000 Y=0.000 Z=690.000) RuntimeGrid:None EditorOnly:0 RuntimeOnly:0 HLODRelevant:0 FolderPath:Lighting FolderGuid:963EC3EB4002CCE9759E2EBA541A873A
 |   |   |- [+] [ 71]
 |   |   |   |- Guid:174DDBCD440B0BCA8A88B8A4E71F251B BaseClass: NativeClass:/Script/Engine.StaticMeshActor Name:StaticMeshActor_0 Label:SM_Cube5 SpatiallyLoaded:1 Bounds:IsValid=true, Min=(X=-0.000 Y=100.000 Z=0.000), Max=(X=100.000 Y=3400.000 Z=400.000) RuntimeGrid:None EditorOnly:0 RuntimeOnly:0 HLODRelevant:1 FolderPath:Playground FolderGuid:C73F09FC4215536B1DCE2A9E0A830C70
 |   |   |- [+] [ 72]
 |   |   |   |- Guid:EBB6FC19462E8C8062BE9EAE2699C17A BaseClass: NativeClass:/Script/Engine.StaticMeshActor Name:StaticMeshActor_UAID_B88584C32F88D16C01_1681611005 Label:SM_Cube14 SpatiallyLoaded:1 Bounds:IsValid=true, Min=(X=1300.000 Y=1790.000 Z=0.000), Max=(X=3000.000 Y=1890.000 Z=400.000) RuntimeGrid:None EditorOnly:0 RuntimeOnly:0 HLODRelevant:1 FolderPath:Playground FolderGuid:C73F09FC4215536B1DCE2A9E0A830C70
 |   |   |- [+] [ 73]
 |   |   |   |- Guid:E6F336A74A580D76B5CA3BA3EF7841F7 BaseClass: NativeClass:/Script/Engine.StaticMeshActor Name:StaticMeshActor_UAID_B88584C32F88D26C01_1400676199 Label:Oven SpatiallyLoaded:1 Bounds:IsValid=true, Min=(X=2630.000 Y=700.000 Z=22.500), Max=(X=2930.000 Y=1100.000 Z=197.500) RuntimeGrid:None EditorOnly:0 RuntimeOnly:0 HLODRelevant:1
 |   |   |- [+] [ 74]
 |   |   |   |- Guid:89FBE28547BDC26362755CA3DB4667F6 BaseClass: NativeClass:/Script/Engine.StaticMeshActor Name:StaticMeshActor_UAID_B88584C32F88D26C01_1829084205 Label:Sink SpatiallyLoaded:1 Bounds:IsValid=true, Min=(X=1600.000 Y=157.500 Z=90.000), Max=(X=2100.000 Y=382.500 Z=190.000) RuntimeGrid:None EditorOnly:0 RuntimeOnly:0 HLODRelevant:1
 |   |   |- [+] [ 75]
 |   |   |   |- Guid:3B05DE054326BCF7FFFAB1A9BF73F558 BaseClass: NativeClass:/Script/Engine.TextRenderActor Name:TextRenderActor_UAID_B88584C32F88D26C01_1882289207 Label:TextRenderActor13 SpatiallyLoaded:1 Bounds:IsValid=true, Min=(X=1799.900 Y=270.000 Z=172.513), Max=(X=1926.823 Y=270.000 Z=247.513) RuntimeGrid:None EditorOnly:0 RuntimeOnly:0 HLODRelevant:0
 |   |   |- [+] [ 76]
 |   |   |   |- Guid:46FC88DD4DC268879F3C15A4FE7784F9 BaseClass: NativeClass:/Script/Engine.StaticMeshActor Name:StaticMeshActor_UAID_B88584C32F88D36C01_1232185392 Label:Vent5 SpatiallyLoaded:1 Bounds:IsValid=true, Min=(X=-352.500 Y=237.500 Z=0.000), Max=(X=-227.500 Y=3762.500 Z=100.000) RuntimeGrid:None EditorOnly:0 RuntimeOnly:0 HLODRelevant:1
 |   |   |- [+] [ 77]
 |   |   |   |- Guid:F5B287EA4FC08FFA40F87B921BF11162 BaseClass: NativeClass:/Script/Engine.StaticMeshActor Name:StaticMeshActor_UAID_B88584C32F88D46C01_1093620579 Label:Trash SpatiallyLoaded:1 Bounds:IsValid=true, Min=(X=590.000 Y=1640.000 Z=-5.000), Max=(X=740.000 Y=1790.000 Z=195.000) RuntimeGrid:None EditorOnly:0 RuntimeOnly:0 HLODRelevant:1
 |   |   |- [+] [ 78]
 |   |   |   |- Guid:66BA71634AA73B31E008F1BDB7C3665D BaseClass: NativeClass:/Script/Engine.StaticMeshActor Name:StaticMeshActor_23 Label:SM_QuarterCylinder5 SpatiallyLoaded:1 Bounds:IsValid=true, Min=(X=415.000 Y=1740.000 Z=290.000), Max=(X=515.000 Y=1940.000 Z=390.000) RuntimeGrid:None EditorOnly:0 RuntimeOnly:0 HLODRelevant:1 FolderPath:Door FolderGuid:7B7009C345D3D6DD94D3429E1D79C034
 |   |   |- [+] [ 79]
 |   |   |   |- Guid:B6CE62CE42268A4413906795377C7DE5 BaseClass: NativeClass:/Script/Engine.StaticMeshActor Name:StaticMeshActor_UAID_B88584C32F88D06C01_2021053819 Label:HumanReference SpatiallyLoaded:1 Bounds:IsValid=true, Min=(X=560.000 Y=910.000 Z=22.500), Max=(X=660.000 Y=1010.000 Z=297.500) RuntimeGrid:None EditorOnly:0 RuntimeOnly:0 HLODRelevant:1
 |   |   |- [+] [ 80]
 |   |   |   |- Guid:321D4F4549C97F2792C09E8B7B833834 BaseClass: NativeClass:/Script/Engine.StaticMeshActor Name:StaticMeshActor_UAID_B88584C32F88D16C01_1901681013 Label:SM_QuarterCylinder8 SpatiallyLoaded:1 Bounds:IsValid=true, Min=(X=2400.000 Y=1740.000 Z=290.000), Max=(X=2500.000 Y=1940.000 Z=390.000) RuntimeGrid:None EditorOnly:0 RuntimeOnly:0 HLODRelevant:1 FolderPath:Door FolderGuid:7B7009C345D3D6DD94D3429E1D79C034
 |   |   |- [+] [ 81]
 |   |   |   |- Guid:1DD361F74B170D437F6447B94D786CB0 BaseClass: NativeClass:/Script/Engine.StaticMeshActor Name:StaticMeshActor_UAID_B88584C32F88D26C01_1104764195 Label:Counter2 SpatiallyLoaded:1 Bounds:IsValid=true, Min=(X=2650.000 Y=17.500 Z=-7.500), Max=(X=2950.000 Y=1842.500 Z=167.500) RuntimeGrid:None EditorOnly:0 RuntimeOnly:0 HLODRelevant:1
 |   |   |- [+] [ 82]
 |   |   |   |- Guid:2B9E7F3744A57B8284E6A9A6819DEDC5 BaseClass: NativeClass:/Script/Engine.StaticMeshActor Name:StaticMeshActor_UAID_B88584C32F88D26C01_1255858196 Label:Vent2 SpatiallyLoaded:1 Bounds:IsValid=true, Min=(X=2872.500 Y=1587.500 Z=280.000), Max=(X=3247.500 Y=1712.500 Z=380.000) RuntimeGrid:None EditorOnly:0 RuntimeOnly:0 HLODRelevant:1
 |   |   |- [+] [ 83]
 |   |   |   |- Guid:93B9EA41491701C2E7F016AED92FFDC8 BaseClass: NativeClass:/Script/Engine.TextRenderActor Name:TextRenderActor_UAID_B88584C32F88D26C01_1552125202 Label:TextRenderActor12 SpatiallyLoaded:1 Bounds:IsValid=true, Min=(X=2839.900 Y=990.000 Z=362.513), Max=(X=2839.900 Y=1477.500 Z=437.513) RuntimeGrid:None EditorOnly:0 RuntimeOnly:0 HLODRelevant:0
 |   |   |- [+] [ 84]
 |   |   |   |- Guid:7E4051854FEB279AB93CC1AF2C5852B6 BaseClass: NativeClass:/Script/Engine.TextRenderActor Name:TextRenderActor_UAID_B88584C32F88D16C01_1901682014 Label:TextRenderActor7 SpatiallyLoaded:1 Bounds:IsValid=true, Min=(X=2142.400 Y=1700.000 Z=282.513), Max=(X=2479.900 Y=1700.000 Z=357.513) RuntimeGrid:None EditorOnly:0 RuntimeOnly:0 HLODRelevant:0
 |   |   |- [+] [ 85]
 |   |   |   |- Guid:32F9B6A74F822E0E5B47D883ADC40803 BaseClass: NativeClass:/Script/Engine.StaticMeshActor Name:StaticMeshActor_UAID_B88584C32F88D46C01_1387296583 Label:SM_Cube17 SpatiallyLoaded:1 Bounds:IsValid=true, Min=(X=0.000 Y=1790.000 Z=0.000), Max=(X=800.000 Y=1890.000 Z=400.000) RuntimeGrid:None EditorOnly:0 RuntimeOnly:0 HLODRelevant:1 FolderPath:Playground FolderGuid:C73F09FC4215536B1DCE2A9E0A830C70
 |   |   |- [+] [ 86]
 |   |   |   |- Guid:960971F6431ABB71813881BEEF5D8D88 BaseClass: NativeClass:/Script/Engine.SkeletalMeshActor Name:SkeletalMeshActor_UAID_089204E7E887987501_1774755463 Label:ChefMaterialId SpatiallyLoaded:1 Bounds:IsValid=true, Min=(X=1591.123 Y=532.991 Z=607.592), Max=(X=2926.254 Y=1203.835 Z=1278.436) RuntimeGrid:None EditorOnly:0 RuntimeOnly:0 HLODRelevant:0
 |- ContainerInstances:
 |- [+] MainContainer:
 |   |-        ID: 0x0000000000000000
 |   |-    Bounds: IsValid=false, Min=(X=0.000 Y=0.000 Z=0.000), Max=(X=0.000 Y=0.000 Z=0.000)
 |   |- Transform: 0.000000,0.000000,0.000000|0.000000,0.000000,-0.000000|1.000000,1.000000,1.000000
 |   |- Container: /Game/Levels/KitchenBlockout
----------------------------------------------------------------------------------------------------------------
KitchenBlockout - Persistent Level
----------------------------------------------------------------------------------------------------------------
Always loaded Actor Count: 97 

----------------------------------------------------------------------------------------------------------------
KitchenBlockout - Runtime Spatial Hash - Streaming Grid - MainGrid
----------------------------------------------------------------------------------------------------------------
            Origin: X=0.000 Y=0.000 Z=0.000
         Cell Size: 12800
      World Bounds: IsValid=false, Min=(X=0.000 Y=0.000 Z=0.000), Max=(X=0.000 Y=0.000 Z=0.000)
     Loading Range: 25600.00
Block Slow Loading: No
 ClientOnlyVisible: No

[+] Grid Levels: 1
 |- Level  0: Cell Count    0 | Cell Size   12800 | Actor Count    0 (0.0%)

[+] Content of Grid Level 0

