[+] Containers:
 |- [+] Container: /Game/Levels/LevelAttempt/KitchenV1
 |   |- [+] ActorDescs:
 |   |   |- Guid:055485594740D0E39FEEFFA0278143A5 BaseClass: NativeClass:/Script/Engine.StaticMeshActor Name:StaticMeshActor_UAID_B88584C32F88D36C01_1232185392 Label:Vent5 SpatiallyLoaded:1 Bounds:IsValid=true, Min=(X=-352.500 Y=237.500 Z=0.000), Max=(X=-227.500 Y=3762.500 Z=100.000) RuntimeGrid:None EditorOnly:0 RuntimeOnly:0 HLODRelevant:1
 |   |   |- Guid:0783C7204F2EE5D6E8DDAA842E487166 BaseClass: NativeClass:/Script/Engine.StaticMeshActor Name:StaticMeshActor_22 Label:SM_QuarterCylinder4 SpatiallyLoaded:1 Bounds:IsValid=true, Min=(X=215.000 Y=1740.000 Z=290.000), Max=(X=315.000 Y=1940.000 Z=390.000) RuntimeGrid:None EditorOnly:0 RuntimeOnly:0 HLODRelevant:1 FolderPath:Door FolderGuid:7B7009C345D3D6DD94D3429E1D79C034
 |   |   |- Guid:0868F45143355E31CA755B882B613B78 BaseClass: NativeClass:/Script/Engine.TextRenderActor Name:TextRenderActor_UAID_B88584C32F88D16C01_1196100999 Label:TextRenderActor4 SpatiallyLoaded:1 Bounds:IsValid=true, Min=(X=229.900 Y=1236.923 Z=161.263), Max=(X=229.900 Y=1410.000 Z=198.763) RuntimeGrid:None EditorOnly:0 RuntimeOnly:0 HLODRelevant:0
 |   |   |- Guid:096C1712437F58F7AF2D36965B920D22 BaseClass: NativeClass:/Script/Engine.StaticMeshActor Name:StaticMeshActor_UAID_B88584C32F88D26C01_1829084205 Label:Sink SpatiallyLoaded:1 Bounds:IsValid=true, Min=(X=1600.000 Y=157.500 Z=90.000), Max=(X=2100.000 Y=382.500 Z=190.000) RuntimeGrid:None EditorOnly:0 RuntimeOnly:0 HLODRelevant:1
 |   |   |- Guid:0C4E30704E1C7258F6185FBC432C6942 BaseClass: NativeClass:/Script/Engine.TextRenderActor Name:TextRenderActor_UAID_B88584C32F88D46C01_2037641586 Label:TextRenderActor21 SpatiallyLoaded:1 Bounds:IsValid=true, Min=(X=1703.362 Y=3135.000 Z=206.263), Max=(X=1939.900 Y=3135.000 Z=243.763) RuntimeGrid:None EditorOnly:0 RuntimeOnly:0 HLODRelevant:0
 |   |   |- Guid:0E14C4CE41FF47DA10DB83829C2831C8 BaseClass: NativeClass:/Script/Engine.StaticMeshActor Name:StaticMeshActor_UAID_B88584C32F88D26C01_1104764195 Label:Counter2 SpatiallyLoaded:1 Bounds:IsValid=true, Min=(X=2650.000 Y=17.500 Z=-7.500), Max=(X=2950.000 Y=1842.500 Z=167.500) RuntimeGrid:None EditorOnly:0 RuntimeOnly:0 HLODRelevant:1
 |   |   |- Guid:0E5B032643BCD752CAB446908C81633C BaseClass: NativeClass:/Script/Engine.StaticMeshActor Name:StaticMeshActor_UAID_B88584C32F88D26C01_1528199201 Label:UtensilRack SpatiallyLoaded:1 Bounds:IsValid=true, Min=(X=2840.000 Y=977.500 Z=405.000), Max=(X=2940.000 Y=1502.500 Z=455.000) RuntimeGrid:None EditorOnly:0 RuntimeOnly:0 HLODRelevant:1
 |   |   |- Guid:119E31D24B94314F274417B14B403D60 BaseClass: NativeClass:/Script/Engine.StaticMeshActor Name:StaticMeshActor_UAID_089204E7E887997501_1216872643 Label:Tableuwu SpatiallyLoaded:1 Bounds:IsValid=true, Min=(X=1385.253 Y=995.686 Z=0.331), Max=(X=1844.747 Y=1224.314 Z=199.692) RuntimeGrid:None EditorOnly:0 RuntimeOnly:0 HLODRelevant:1
 |   |   |- Guid:12D21DD2417EE14B364EEF80C8D88E3F BaseClass: NativeClass:/Script/Engine.VolumetricCloud Name:VolumetricCloud_0 Label:VolumetricCloud SpatiallyLoaded:0 Bounds:IsValid=true, Min=(X=0.000 Y=0.000 Z=820.000), Max=(X=0.000 Y=0.000 Z=820.000) RuntimeGrid:None EditorOnly:0 RuntimeOnly:0 HLODRelevant:0 FolderPath:Lighting FolderGuid:963EC3EB4002CCE9759E2EBA541A873A
 |   |   |- Guid:13CF6E7B4AA9C07A6C343C8519DB2F07 BaseClass: NativeClass:/Script/Engine.StaticMeshActor Name:StaticMeshActor_1 Label:SM_Cube SpatiallyLoaded:1 Bounds:IsValid=true, Min=(X=0.000 Y=0.000 Z=-50.000), Max=(X=3000.000 Y=3500.000 Z=0.000) RuntimeGrid:None EditorOnly:0 RuntimeOnly:0 HLODRelevant:1 FolderPath:Playground FolderGuid:C73F09FC4215536B1DCE2A9E0A830C70
 |   |   |- Guid:14EDCD6045EADBA0548E2CAABD8BE0F0 BaseClass: NativeClass:/Script/Engine.SkyLight Name:SkyLight_1 Label:SkyLight SpatiallyLoaded:0 Bounds:IsValid=true, Min=(X=0.000 Y=0.000 Z=690.000), Max=(X=0.000 Y=0.000 Z=690.000) RuntimeGrid:None EditorOnly:0 RuntimeOnly:0 HLODRelevant:0 FolderPath:Lighting FolderGuid:963EC3EB4002CCE9759E2EBA541A873A
 |   |   |- Guid:15B2BB8B4FE54B658E69F59AFB27CAC5 BaseClass: NativeClass:/Script/Engine.StaticMeshActor Name:StaticMeshActor_UAID_B88584C32F88D36C01_1186637390 Label:Vent4 SpatiallyLoaded:1 Bounds:IsValid=true, Min=(X=-247.700 Y=3187.500 Z=0.000), Max=(X=127.300 Y=3312.500 Z=100.000) RuntimeGrid:None EditorOnly:0 RuntimeOnly:0 HLODRelevant:1
 |   |   |- Guid:1D7C1113463B5CAD6DD644B2146E61BD BaseClass: NativeClass:/Script/Engine.TextRenderActor Name:TextRenderActor_UAID_B88584C32F88D56C01_1160769768 Label:TextRenderActor22 SpatiallyLoaded:1 Bounds:IsValid=true, Min=(X=1374.900 Y=2100.000 Z=118.763), Max=(X=1647.496 Y=2100.000 Z=231.263) RuntimeGrid:None EditorOnly:0 RuntimeOnly:0 HLODRelevant:0
 |   |   |- Guid:1F7A9846491916A27EB1F38F08036CA3 BaseClass: NativeClass:/Script/Engine.StaticMeshActor Name:StaticMeshActor_UAID_B88584C32F88D16C01_1525532003 Label:Soda SpatiallyLoaded:1 Bounds:IsValid=true, Min=(X=1833.333 Y=1657.500 Z=147.500), Max=(X=1983.333 Y=1782.500 Z=272.500) RuntimeGrid:None EditorOnly:0 RuntimeOnly:0 HLODRelevant:1
 |   |   |- Guid:1FD110A44C82CBF3997268BD482A9A65 BaseClass: NativeClass:/Script/Engine.TextRenderActor Name:TextRenderActor_UAID_B88584C32F88D16C01_1869599008 Label:TextRenderActor6 SpatiallyLoaded:1 Bounds:IsValid=true, Min=(X=292.208 Y=1700.000 Z=282.513), Max=(X=424.900 Y=1700.000 Z=357.513) RuntimeGrid:None EditorOnly:0 RuntimeOnly:0 HLODRelevant:0
 |   |   |- Guid:21152CEA4223934FA0E0A4878928E0F5 BaseClass: NativeClass:/Script/Engine.StaticMeshActor Name:StaticMeshActor_UAID_B88584C32F88D36C01_1978674400 Label:Table SpatiallyLoaded:1 Bounds:IsValid=true, Min=(X=600.000 Y=2400.000 Z=-7.500), Max=(X=1600.000 Y=3000.000 Z=167.500) RuntimeGrid:None EditorOnly:0 RuntimeOnly:0 HLODRelevant:1
 |   |   |- Guid:234F32224AB08015CC1FB1B24524C3B4 BaseClass: NativeClass:/Script/Engine.TextRenderActor Name:TextRenderActor_UAID_B88584C32F88D36C01_1186637391 Label:TextRenderActor17 SpatiallyLoaded:1 Bounds:IsValid=true, Min=(X=149.900 Y=3177.308 Z=22.513), Max=(X=149.900 Y=3310.000 Z=97.513) RuntimeGrid:None EditorOnly:0 RuntimeOnly:0 HLODRelevant:0
 |   |   |- Guid:2A42E61644F49210868F7E8E7614F061 BaseClass: NativeClass:/Script/Engine.TextRenderActor Name:TextRenderActor_UAID_B88584C32F88D16C01_1901682014 Label:TextRenderActor7 SpatiallyLoaded:1 Bounds:IsValid=true, Min=(X=2142.400 Y=1700.000 Z=282.513), Max=(X=2479.900 Y=1700.000 Z=357.513) RuntimeGrid:None EditorOnly:0 RuntimeOnly:0 HLODRelevant:0
 |   |   |- Guid:2ABA8C7C4F37CABF8C5F0A85C49CFC76 BaseClass: NativeClass:/Script/Engine.StaticMeshActor Name:StaticMeshActor_UAID_B88584C32F88D46C01_1093620579 Label:Trash SpatiallyLoaded:1 Bounds:IsValid=true, Min=(X=590.000 Y=1640.000 Z=-5.000), Max=(X=740.000 Y=1790.000 Z=195.000) RuntimeGrid:None EditorOnly:0 RuntimeOnly:0 HLODRelevant:1
 |   |   |- Guid:2C08C2AC4AF76701966D378B64D66B21 BaseClass: NativeClass:/Script/Engine.StaticMeshActor Name:StaticMeshActor_UAID_B88584C32F88D56C01_1145700766 Label:Plant4 SpatiallyLoaded:1 Bounds:IsValid=true, Min=(X=1565.000 Y=2055.000 Z=-5.000), Max=(X=1665.000 Y=2155.000 Z=145.000) RuntimeGrid:None EditorOnly:0 RuntimeOnly:0 HLODRelevant:1
 |   |   |- Guid:311DD90B46717E40BEDDA584FC927F8F BaseClass: NativeClass:/Script/Engine.TextRenderActor Name:TextRenderActor_UAID_B88584C32F88D26C01_1552125202 Label:TextRenderActor12 SpatiallyLoaded:1 Bounds:IsValid=true, Min=(X=2839.900 Y=990.000 Z=362.513), Max=(X=2839.900 Y=1477.500 Z=437.513) RuntimeGrid:None EditorOnly:0 RuntimeOnly:0 HLODRelevant:0
 |   |   |- Guid:327E6AEC411E988E8B427DA72ECBD814 BaseClass: NativeClass:/Script/Engine.WorldDataLayers Name:WorldDataLayers Label:WorldDataLayers-1 SpatiallyLoaded:0 Bounds:IsValid=true, Min=(X=0.000 Y=0.000 Z=0.000), Max=(X=0.000 Y=0.000 Z=0.000) RuntimeGrid:None EditorOnly:0 RuntimeOnly:0 HLODRelevant:0
 |   |   |- Guid:3B8C67654E71BB3CC9D118BB0FA105E2 BaseClass: NativeClass:/Script/Engine.DirectionalLight Name:DirectionalLight_0 Label:DirectionalLight SpatiallyLoaded:0 Bounds:IsValid=true, Min=(X=-4398046511104.000 Y=-4398046511104.000 Z=-4398046511104.000), Max=(X=4398046511104.000 Y=4398046511104.000 Z=4398046511104.000) RuntimeGrid:None EditorOnly:0 RuntimeOnly:0 HLODRelevant:0 FolderPath:Lighting FolderGuid:963EC3EB4002CCE9759E2EBA541A873A
 |   |   |- Guid:3BD4BA974DC6879E09D3FFAEC2CCEE9F BaseClass: NativeClass:/Script/Engine.TextRenderActor Name:TextRenderActor_UAID_B88584C32F88D06C01_1934446818 Label:TextRenderActor2 SpatiallyLoaded:1 Bounds:IsValid=true, Min=(X=1079.900 Y=180.000 Z=223.763), Max=(X=1404.419 Y=180.000 Z=336.263) RuntimeGrid:None EditorOnly:0 RuntimeOnly:0 HLODRelevant:0
 |   |   |- Guid:3F533CFC406279962DDB3DBBC90DF6D2 BaseClass: NativeClass:/Script/Engine.StaticMeshActor Name:StaticMeshActor_UAID_B88584C32F88D16C01_1901681012 Label:SM_QuarterCylinder7 SpatiallyLoaded:1 Bounds:IsValid=true, Min=(X=2200.000 Y=1740.000 Z=290.000), Max=(X=2300.000 Y=1940.000 Z=390.000) RuntimeGrid:None EditorOnly:0 RuntimeOnly:0 HLODRelevant:1 FolderPath:Door FolderGuid:7B7009C345D3D6DD94D3429E1D79C034
 |   |   |- Guid:459E24064A0427F08E640FA22A8203D6 BaseClass: NativeClass:/Script/Engine.SkyAtmosphere Name:SkyAtmosphere_0 Label:SkyAtmosphere SpatiallyLoaded:0 Bounds:IsValid=true, Min=(X=0.000 Y=0.000 Z=1020.000), Max=(X=0.000 Y=0.000 Z=1020.000) RuntimeGrid:None EditorOnly:0 RuntimeOnly:0 HLODRelevant:0 FolderPath:Lighting FolderGuid:963EC3EB4002CCE9759E2EBA541A873A
 |   |   |- Guid:4660B02B48C132F1C2B0368F59A9077C BaseClass: NativeClass:/Script/Engine.StaticMeshActor Name:StaticMeshActor_UAID_B88584C32F88D36C01_1758331397 Label:Shelves2 SpatiallyLoaded:1 Bounds:IsValid=true, Min=(X=2705.000 Y=1860.000 Z=302.500), Max=(X=3005.000 Y=3410.000 Z=327.500) RuntimeGrid:None EditorOnly:0 RuntimeOnly:0 HLODRelevant:1
 |   |   |- Guid:467832EA4F0947115DBC4D9CC3168818 BaseClass: NativeClass:/Script/Engine.StaticMeshActor Name:StaticMeshActor_UAID_B88584C32F88D06C01_1802669817 Label:FreezerDoor SpatiallyLoaded:1 Bounds:IsValid=true, Min=(X=122.500 Y=-67.500 Z=-2.500), Max=(X=497.500 Y=207.500 Z=372.500) RuntimeGrid:None EditorOnly:0 RuntimeOnly:0 HLODRelevant:1
 |   |   |- Guid:489307C24257F6F68097198377AF4028 BaseClass: NativeClass:/Script/Engine.StaticMeshActor Name:StaticMeshActor_UAID_B88584C32F88D36C01_1769372398 Label:Shelves3 SpatiallyLoaded:1 Bounds:IsValid=true, Min=(X=1995.000 Y=3195.000 Z=137.500), Max=(X=2995.000 Y=3495.000 Z=162.500) RuntimeGrid:None EditorOnly:0 RuntimeOnly:0 HLODRelevant:1
 |   |   |- Guid:4FC26B30407989D43D57B8B89168C94C BaseClass: NativeClass:/Script/Engine.StaticMeshActor Name:StaticMeshActor_UAID_B88584C32F88D56C01_1154618767 Label:Plant5 SpatiallyLoaded:1 Bounds:IsValid=true, Min=(X=1370.000 Y=2055.000 Z=-5.000), Max=(X=1470.000 Y=2155.000 Z=145.000) RuntimeGrid:None EditorOnly:0 RuntimeOnly:0 HLODRelevant:1
 |   |   |- Guid:508A36F841F89ED43B4A25AACBDF773F BaseClass: NativeClass:/Script/Engine.StaticMeshActor Name:StaticMeshActor_4 Label:SM_Cube6 SpatiallyLoaded:1 Bounds:IsValid=true, Min=(X=2900.000 Y=100.000 Z=0.000), Max=(X=3000.000 Y=3400.000 Z=400.000) RuntimeGrid:None EditorOnly:0 RuntimeOnly:0 HLODRelevant:1 FolderPath:Playground FolderGuid:C73F09FC4215536B1DCE2A9E0A830C70
 |   |   |- Guid:520B06EB4421DD2B8E2F89B7ECC01BF5 BaseClass: NativeClass:/Script/Engine.StaticMeshActor Name:StaticMeshActor_UAID_B88584C32F88D16C01_1901681011 Label:SM_Cube16 SpatiallyLoaded:1 Bounds:IsValid=true, Min=(X=2300.000 Y=1740.000 Z=290.000), Max=(X=2400.000 Y=1940.000 Z=390.000) RuntimeGrid:None EditorOnly:0 RuntimeOnly:0 HLODRelevant:1 FolderPath:Door FolderGuid:7B7009C345D3D6DD94D3429E1D79C034
 |   |   |- Guid:555A6BB14B7D9002BF439A82CA2CFA74 BaseClass: NativeClass:/Script/Engine.StaticMeshActor Name:StaticMeshActor_UAID_B88584C32F88D16C01_2087396017 Label:Counter SpatiallyLoaded:1 Bounds:IsValid=true, Min=(X=537.500 Y=65.000 Z=-7.500), Max=(X=2662.500 Y=415.000 Z=167.500) RuntimeGrid:None EditorOnly:0 RuntimeOnly:0 HLODRelevant:1
 |   |   |- Guid:57C6D9C645F75F39BDEA74BB1BF83F1D BaseClass: NativeClass:/Script/Engine.StaticMeshActor Name:StaticMeshActor_UAID_B88584C32F88D56C01_1144059765 Label:Plant3 SpatiallyLoaded:1 Bounds:IsValid=true, Min=(X=1155.000 Y=2055.000 Z=-5.000), Max=(X=1255.000 Y=2155.000 Z=145.000) RuntimeGrid:None EditorOnly:0 RuntimeOnly:0 HLODRelevant:1
 |   |   |- Guid:594F2B144CF4ECBB119B33807AC62D66 BaseClass: NativeClass:/Script/Engine.StaticMeshActor Name:StaticMeshActor_UAID_089204E7E887997501_1239816646 Label:Tableuwu4 SpatiallyLoaded:1 Bounds:IsValid=true, Min=(X=925.253 Y=770.686 Z=0.331), Max=(X=1384.747 Y=999.314 Z=199.692) RuntimeGrid:None EditorOnly:0 RuntimeOnly:0 HLODRelevant:1
 |   |   |- Guid:59B708E84030282D1F66D8814FEB86B9 BaseClass: NativeClass:/Script/Engine.StaticMeshActor Name:StaticMeshActor_UAID_B88584C32F88D26C01_1920815208 Label:Fridge SpatiallyLoaded:1 Bounds:IsValid=true, Min=(X=550.000 Y=142.500 Z=7.500), Max=(X=850.000 Y=417.500 Z=432.500) RuntimeGrid:None EditorOnly:0 RuntimeOnly:0 HLODRelevant:1
 |   |   |- Guid:5AEADD5E41CA48CE560EC9BCFB225C75 BaseClass: NativeClass:/Script/Engine.SkeletalMeshActor Name:SkeletalMeshActor_UAID_089204E7E887987501_1774755463 Label:ChefMaterialId SpatiallyLoaded:1 Bounds:IsValid=true, Min=(X=1905.000 Y=1125.000 Z=15.000), Max=(X=1905.000 Y=1125.000 Z=15.000) RuntimeGrid:None EditorOnly:0 RuntimeOnly:0 HLODRelevant:0
 |   |   |- Guid:6663C4B444D27301080D62ABF1EAF89F BaseClass: NativeClass:/Script/Engine.StaticMeshActor Name:StaticMeshActor_UAID_B88584C32F88D26C01_1696274204 Label:Cabinets2 SpatiallyLoaded:1 Bounds:IsValid=true, Min=(X=1977.500 Y=97.500 Z=337.500), Max=(X=2902.500 Y=322.500 Z=562.500) RuntimeGrid:None EditorOnly:0 RuntimeOnly:0 HLODRelevant:1
 |   |   |- Guid:680009534C41AFC2425C0F877718A7C8 BaseClass: NativeClass:/Script/Engine.StaticMeshActor Name:StaticMeshActor_UAID_B88584C32F88D16C01_1681611005 Label:SM_Cube14 SpatiallyLoaded:1 Bounds:IsValid=true, Min=(X=1300.000 Y=1790.000 Z=0.000), Max=(X=3000.000 Y=1890.000 Z=400.000) RuntimeGrid:None EditorOnly:0 RuntimeOnly:0 HLODRelevant:1 FolderPath:Playground FolderGuid:C73F09FC4215536B1DCE2A9E0A830C70
 |   |   |- Guid:68FD4EF14DE562FA8F0F2F9EDEA8C742 BaseClass: NativeClass:/Script/Engine.StaticMeshActor Name:StaticMeshActor_UAID_A4AE111137DC5EFB00_1110535423 Label:SM_SkySphere SpatiallyLoaded:1 Bounds:IsValid=true, Min=(X=-1638400.000 Y=-1638400.000 Z=-1638400.000), Max=(X=1638400.000 Y=1638400.000 Z=1638400.000) RuntimeGrid:None EditorOnly:0 RuntimeOnly:0 HLODRelevant:1 FolderPath:Lighting FolderGuid:963EC3EB4002CCE9759E2EBA541A873A
 |   |   |- Guid:6BC3AE404CB71BF91BD3B88F9BB42A33 BaseClass: NativeClass:/Script/Engine.ExponentialHeightFog Name:ExponentialHeightFog_0 Label:ExponentialHeightFog SpatiallyLoaded:0 Bounds:IsValid=true, Min=(X=-5600.000 Y=-50.000 Z=-6850.000), Max=(X=-5600.000 Y=-50.000 Z=-6850.000) RuntimeGrid:None EditorOnly:0 RuntimeOnly:0 HLODRelevant:0 FolderPath:Lighting FolderGuid:963EC3EB4002CCE9759E2EBA541A873A
 |   |   |- Guid:6C5C2D5B4D63FABCEF5AB0962CB4F9B4 BaseClass: NativeClass:/Script/Engine.StaticMeshActor Name:StaticMeshActor_UAID_B88584C32F88D36C01_1545912395 Label:Vent8 SpatiallyLoaded:1 Bounds:IsValid=true, Min=(X=-332.500 Y=3707.500 Z=0.000), Max=(X=3392.500 Y=3832.500 Z=100.000) RuntimeGrid:None EditorOnly:0 RuntimeOnly:0 HLODRelevant:1
 |   |   |- Guid:6E58D6574C34163BFD0C02BCCDD52CD7 BaseClass: NativeClass:/Script/Engine.StaticMeshActor Name:StaticMeshActor_UAID_B88584C32F88D16C01_1901681013 Label:SM_QuarterCylinder8 SpatiallyLoaded:1 Bounds:IsValid=true, Min=(X=2400.000 Y=1740.000 Z=290.000), Max=(X=2500.000 Y=1940.000 Z=390.000) RuntimeGrid:None EditorOnly:0 RuntimeOnly:0 HLODRelevant:1 FolderPath:Door FolderGuid:7B7009C345D3D6DD94D3429E1D79C034
 |   |   |- Guid:71D11BE54C497C1D15E1988EC7133C54 BaseClass: NativeClass:/Script/Engine.StaticMeshActor Name:StaticMeshActor_UAID_B88584C32F88D16C01_1901680009 Label:SM_Cube15 SpatiallyLoaded:1 Bounds:IsValid=true, Min=(X=2200.000 Y=1740.000 Z=-10.000), Max=(X=2500.000 Y=1940.000 Z=290.000) RuntimeGrid:None EditorOnly:0 RuntimeOnly:0 HLODRelevant:1 FolderPath:Door FolderGuid:7B7009C345D3D6DD94D3429E1D79C034
 |   |   |- Guid:7862475E4B0C4C6887ADA9A5003582FC BaseClass: NativeClass:/Script/Engine.TextRenderActor Name:TextRenderActor_UAID_B88584C32F88D06C01_2070359820 Label:TextRenderActor3 SpatiallyLoaded:1 Bounds:IsValid=true, Min=(X=479.900 Y=1020.000 Z=241.263), Max=(X=753.938 Y=1020.000 Z=278.763) RuntimeGrid:None EditorOnly:0 RuntimeOnly:0 HLODRelevant:0
 |   |   |- Guid:81C36A10484319B80A9EE99B352FC21A BaseClass: NativeClass:/Script/Engine.StaticMeshActor Name:StaticMeshActor_16 Label:SM_Cube11 SpatiallyLoaded:1 Bounds:IsValid=true, Min=(X=215.000 Y=1740.000 Z=-10.000), Max=(X=515.000 Y=1940.000 Z=290.000) RuntimeGrid:None EditorOnly:0 RuntimeOnly:0 HLODRelevant:1 FolderPath:Door FolderGuid:7B7009C345D3D6DD94D3429E1D79C034
 |   |   |- Guid:86C625C048B50E4BB96252B41C3C172B BaseClass: NativeClass:/Script/Engine.StaticMeshActor Name:StaticMeshActor_5 Label:SM_Cube2 SpatiallyLoaded:1 Bounds:IsValid=true, Min=(X=0.000 Y=0.000 Z=0.000), Max=(X=3000.000 Y=100.000 Z=400.000) RuntimeGrid:None EditorOnly:0 RuntimeOnly:0 HLODRelevant:1 FolderPath:Playground FolderGuid:C73F09FC4215536B1DCE2A9E0A830C70
 |   |   |- Guid:8C2064EA41EDE6241962EFB06E6DD872 BaseClass: NativeClass:/Script/Engine.TextRenderActor Name:TextRenderActor_UAID_B88584C32F88D26C01_1328827198 Label:TextRenderActor10 SpatiallyLoaded:1 Bounds:IsValid=true, Min=(X=119.900 Y=204.615 Z=65.013), Max=(X=119.900 Y=470.000 Z=215.013) RuntimeGrid:None EditorOnly:0 RuntimeOnly:0 HLODRelevant:0
 |   |   |- Guid:8C2F8A0349B4CF3F103869B050F60304 BaseClass: NativeClass:/Script/Engine.StaticMeshActor Name:StaticMeshActor_UAID_B88584C32F88D26C01_1616072203 Label:Cabinets SpatiallyLoaded:1 Bounds:IsValid=true, Min=(X=2700.000 Y=200.000 Z=337.500), Max=(X=2900.000 Y=700.000 Z=562.500) RuntimeGrid:None EditorOnly:0 RuntimeOnly:0 HLODRelevant:1
 |   |   |- Guid:8C5CB28F4F75CAB55D95429866C1E3F6 BaseClass: NativeClass:/Script/Engine.StaticMeshActor Name:StaticMeshActor_UAID_B88584C32F88D16C01_1081065997 Label:Vent SpatiallyLoaded:1 Bounds:IsValid=true, Min=(X=-247.500 Y=237.500 Z=0.000), Max=(X=127.500 Y=362.500 Z=100.000) RuntimeGrid:None EditorOnly:0 RuntimeOnly:0 HLODRelevant:1
 |   |   |- Guid:908BE2614DA90CEC204EEF99FC9DFF26 BaseClass: NativeClass:/Script/Engine.StaticMeshActor Name:StaticMeshActor_UAID_B88584C32F88D16C01_1503164002 Label:Tea SpatiallyLoaded:1 Bounds:IsValid=true, Min=(X=1613.333 Y=1657.500 Z=147.500), Max=(X=1763.333 Y=1782.500 Z=272.500) RuntimeGrid:None EditorOnly:0 RuntimeOnly:0 HLODRelevant:1
 |   |   |- Guid:93579694448337C3449FC19EB0EF72D1 BaseClass: NativeClass:/Script/Engine.StaticMeshActor Name:StaticMeshActor_UAID_B88584C32F88D46C01_2023082585 Label:Plant SpatiallyLoaded:1 Bounds:IsValid=true, Min=(X=1750.000 Y=3175.000 Z=-5.000), Max=(X=1900.000 Y=3325.000 Z=195.000) RuntimeGrid:None EditorOnly:0 RuntimeOnly:0 HLODRelevant:1
 |   |   |- Guid:940A3393487F579764E8A5AD04936267 BaseClass: NativeClass:/Script/Engine.StaticMeshActor Name:StaticMeshActor_UAID_B88584C32F88D16C01_1298709000 Label:Drinkstation SpatiallyLoaded:1 Bounds:IsValid=true, Min=(X=1304.797 Y=1590.000 Z=-7.500), Max=(X=2104.797 Y=1790.000 Z=167.500) RuntimeGrid:None EditorOnly:0 RuntimeOnly:0 HLODRelevant:1
 |   |   |- Guid:9B9CD88243707B615AABA49834EB62C4 BaseClass: NativeClass:/Script/Engine.TextRenderActor Name:TextRenderActor_UAID_B88584C32F88D36C01_2042643401 Label:TextRenderActor18 SpatiallyLoaded:1 Bounds:IsValid=true, Min=(X=966.246 Y=2665.000 Z=148.763), Max=(X=1199.900 Y=2665.000 Z=261.263) RuntimeGrid:None EditorOnly:0 RuntimeOnly:0 HLODRelevant:0
 |   |   |- Guid:9C4F33B043532CC5F052B4A795219618 BaseClass: NativeClass:/Script/Engine.TextRenderActor Name:TextRenderActor_UAID_B88584C32F88D46C01_1345736582 Label:TextRenderActor20 SpatiallyLoaded:1 Bounds:IsValid=true, Min=(X=707.881 Y=1785.000 Z=318.763), Max=(X=1369.900 Y=1785.000 Z=431.263) RuntimeGrid:None EditorOnly:0 RuntimeOnly:0 HLODRelevant:0
 |   |   |- Guid:9C7604974ACD7068C01202869AE2CF67 BaseClass: NativeClass:/Script/Engine.StaticMeshActor Name:StaticMeshActor_UAID_B88584C32F88D46C01_1288607581 Label:ServingWindow SpatiallyLoaded:1 Bounds:IsValid=true, Min=(X=800.000 Y=1597.500 Z=142.500), Max=(X=1300.000 Y=2022.500 Z=167.500) RuntimeGrid:None EditorOnly:0 RuntimeOnly:0 HLODRelevant:1
 |   |   |- Guid:9E503BC143D058882597049F4522BADA BaseClass: NativeClass:/Script/Engine.StaticMeshActor Name:StaticMeshActor_UAID_B88584C32F88D56C01_1112602764 Label:Plant2 SpatiallyLoaded:1 Bounds:IsValid=true, Min=(X=930.000 Y=2055.000 Z=-5.000), Max=(X=1030.000 Y=2155.000 Z=145.000) RuntimeGrid:None EditorOnly:0 RuntimeOnly:0 HLODRelevant:1
 |   |   |- Guid:A0153965425CA54F48008AA19E26F7E6 BaseClass: NativeClass:/Script/Engine.PlayerStart Name:PlayerStart_0 Label:PlayerStart SpatiallyLoaded:0 Bounds:IsValid=true, Min=(X=370.000 Y=1070.000 Z=0.013), Max=(X=450.000 Y=1150.000 Z=184.013) RuntimeGrid:None EditorOnly:0 RuntimeOnly:0 HLODRelevant:0
 |   |   |- Guid:A94166D04D5F1EF6590BD3AF9E177F40 BaseClass: NativeClass:/Script/Engine.StaticMeshActor Name:StaticMeshActor_UAID_B88584C32F88D26C01_2137842211 Label:SM_Cube7 SpatiallyLoaded:1 Bounds:IsValid=true, Min=(X=1990.000 Y=1790.000 Z=0.000), Max=(X=2090.000 Y=3490.000 Z=400.000) RuntimeGrid:None EditorOnly:0 RuntimeOnly:0 HLODRelevant:1 FolderPath:Playground FolderGuid:C73F09FC4215536B1DCE2A9E0A830C70
 |   |   |- Guid:AADE5DE440208992A2F8268493308B30 BaseClass: NativeClass:/Script/Engine.StaticMeshActor Name:StaticMeshActor_23 Label:SM_QuarterCylinder5 SpatiallyLoaded:1 Bounds:IsValid=true, Min=(X=415.000 Y=1740.000 Z=290.000), Max=(X=515.000 Y=1940.000 Z=390.000) RuntimeGrid:None EditorOnly:0 RuntimeOnly:0 HLODRelevant:1 FolderPath:Door FolderGuid:7B7009C345D3D6DD94D3429E1D79C034
 |   |   |- Guid:AE510EA1418D1F12F16BAC9B9F772DFC BaseClass: NativeClass:/Script/Engine.StaticMeshActor Name:StaticMeshActor_UAID_B88584C32F88D16C01_1527392004 Label:coffee SpatiallyLoaded:1 Bounds:IsValid=true, Min=(X=1393.333 Y=1657.500 Z=147.500), Max=(X=1543.333 Y=1782.500 Z=272.500) RuntimeGrid:None EditorOnly:0 RuntimeOnly:0 HLODRelevant:1
 |   |   |- Guid:B34D5C1D41EEFCBC1E2AC4AB625D2C7F BaseClass: NativeClass:/Script/Engine.StaticMeshActor Name:StaticMeshActor_UAID_B88584C32F88D26C01_1255858196 Label:Vent2 SpatiallyLoaded:1 Bounds:IsValid=true, Min=(X=2872.500 Y=1587.500 Z=280.000), Max=(X=3247.500 Y=1712.500 Z=380.000) RuntimeGrid:None EditorOnly:0 RuntimeOnly:0 HLODRelevant:1
 |   |   |- Guid:BB29F3C74BF852919B2949B790218061 BaseClass: NativeClass:/Script/Engine.TextRenderActor Name:TextRenderActor_UAID_B88584C32F88D46C01_1186580580 Label:TextRenderActor19 SpatiallyLoaded:1 Bounds:IsValid=true, Min=(X=620.573 Y=1625.000 Z=156.263), Max=(X=699.900 Y=1625.000 Z=193.763) RuntimeGrid:None EditorOnly:0 RuntimeOnly:0 HLODRelevant:0
 |   |   |- Guid:BBC2F1CE48367319C1C07FB882CBAD84 BaseClass: NativeClass:/Script/Engine.StaticMeshActor Name:StaticMeshActor_UAID_B88584C32F88D06C01_1120670815 Label:Freezer SpatiallyLoaded:1 Bounds:IsValid=true, Min=(X=115.000 Y=-97.500 Z=-27.500), Max=(X=1965.000 Y=177.500 Z=497.500) RuntimeGrid:None EditorOnly:0 RuntimeOnly:0 HLODRelevant:1
 |   |   |- Guid:C33605D1401B019B8EE106AF2A040250 BaseClass: NativeClass:/Script/Engine.StaticMeshActor Name:StaticMeshActor_UAID_B88584C32F88D06C01_2021053819 Label:HumanReference SpatiallyLoaded:1 Bounds:IsValid=true, Min=(X=560.000 Y=910.000 Z=22.500), Max=(X=660.000 Y=1010.000 Z=297.500) RuntimeGrid:None EditorOnly:0 RuntimeOnly:0 HLODRelevant:1
 |   |   |- Guid:C416AB7C4A8D8E914A6FEDB50EAA8BDA BaseClass: NativeClass:/Script/Engine.StaticMeshActor Name:StaticMeshActor_UAID_B88584C32F88D36C01_1475050393 Label:Vent6 SpatiallyLoaded:1 Bounds:IsValid=true, Min=(X=3247.500 Y=1665.000 Z=0.000), Max=(X=3372.500 Y=3715.000 Z=100.000) RuntimeGrid:None EditorOnly:0 RuntimeOnly:0 HLODRelevant:1
 |   |   |- Guid:C4C50C4043CB8841D2B1D9B42A61EF09 BaseClass: NativeClass:/Script/Engine.StaticMeshActor Name:StaticMeshActor_UAID_B88584C32F88D46C01_1489006584 Label:SM_Cube18 SpatiallyLoaded:1 Bounds:IsValid=true, Min=(X=800.000 Y=1790.000 Z=-240.000), Max=(X=1300.000 Y=1890.000 Z=160.000) RuntimeGrid:None EditorOnly:0 RuntimeOnly:0 HLODRelevant:1 FolderPath:Playground FolderGuid:C73F09FC4215536B1DCE2A9E0A830C70
 |   |   |- Guid:C798A6CF42FA402694B500B42135628F BaseClass: NativeClass:/Script/Engine.StaticMeshActor Name:StaticMeshActor_UAID_B88584C32F88D26C01_1400676199 Label:Oven SpatiallyLoaded:1 Bounds:IsValid=true, Min=(X=2630.000 Y=700.000 Z=22.500), Max=(X=2930.000 Y=1100.000 Z=197.500) RuntimeGrid:None EditorOnly:0 RuntimeOnly:0 HLODRelevant:1
 |   |   |- Guid:C9F3C8224A9CDA82278480A604DB9616 BaseClass: NativeClass:/Script/Engine.StaticMeshActor Name:StaticMeshActor_0 Label:SM_Cube5 SpatiallyLoaded:1 Bounds:IsValid=true, Min=(X=-0.000 Y=100.000 Z=0.000), Max=(X=100.000 Y=3400.000 Z=400.000) RuntimeGrid:None EditorOnly:0 RuntimeOnly:0 HLODRelevant:1 FolderPath:Playground FolderGuid:C73F09FC4215536B1DCE2A9E0A830C70
 |   |   |- Guid:D0B6954B41C04EB73072C9B0474E9798 BaseClass: NativeClass:/Script/Engine.TextRenderActor Name:TextRenderActor_UAID_B88584C32F88D26C01_1882289207 Label:TextRenderActor13 SpatiallyLoaded:1 Bounds:IsValid=true, Min=(X=1799.900 Y=270.000 Z=172.513), Max=(X=1926.823 Y=270.000 Z=247.513) RuntimeGrid:None EditorOnly:0 RuntimeOnly:0 HLODRelevant:0
 |   |   |- Guid:D89A3DF44E4B1C12EDAF01B66E278A77 BaseClass: NativeClass:/Script/Engine.StaticMeshActor Name:StaticMeshActor_UAID_B88584C32F88D36C01_1510476394 Label:Vent7 SpatiallyLoaded:1 Bounds:IsValid=true, Min=(X=3247.500 Y=1587.500 Z=-42.500), Max=(X=3372.500 Y=1712.500 Z=382.500) RuntimeGrid:None EditorOnly:0 RuntimeOnly:0 HLODRelevant:1
 |   |   |- Guid:D947713D4EA2A710A8480A8B6CA3CE09 BaseClass: NativeClass:/Script/Engine.TextRenderActor Name:TextRenderActor_UAID_B88584C32F88D26C01_1281411197 Label:TextRenderActor9 SpatiallyLoaded:1 Bounds:IsValid=true, Min=(X=2849.900 Y=1590.000 Z=302.513), Max=(X=2849.900 Y=1722.692 Z=377.513) RuntimeGrid:None EditorOnly:0 RuntimeOnly:0 HLODRelevant:0
 |   |   |- Guid:DB25D6574EA56E565BABA5977D997F35 BaseClass: NativeClass:/Script/Engine.StaticMeshActor Name:StaticMeshActor_UAID_B88584C32F88D46C01_1387296583 Label:SM_Cube17 SpatiallyLoaded:1 Bounds:IsValid=true, Min=(X=0.000 Y=1790.000 Z=0.000), Max=(X=800.000 Y=1890.000 Z=400.000) RuntimeGrid:None EditorOnly:0 RuntimeOnly:0 HLODRelevant:1 FolderPath:Playground FolderGuid:C73F09FC4215536B1DCE2A9E0A830C70
 |   |   |- Guid:DEF379C34F6ED21FAB8EA7AA62D6612F BaseClass: NativeClass:/Script/Engine.TextRenderActor Name:TextRenderActor_UAID_B88584C32F88D26C01_1452209200 Label:TextRenderActor11 SpatiallyLoaded:1 Bounds:IsValid=true, Min=(X=2869.900 Y=820.000 Z=212.513), Max=(X=2869.900 Y=995.962 Z=287.513) RuntimeGrid:None EditorOnly:0 RuntimeOnly:0 HLODRelevant:0
 |   |   |- Guid:E0FA8B674B8AD3FA363A6785B11658A9 BaseClass: NativeClass:/Script/Engine.TextRenderActor Name:TextRenderActor_UAID_B88584C32F88D26C01_2057583210 Label:TextRenderActor15 SpatiallyLoaded:1 Bounds:IsValid=true, Min=(X=239.900 Y=230.000 Z=252.513), Max=(X=372.592 Y=230.000 Z=327.513) RuntimeGrid:None EditorOnly:0 RuntimeOnly:0 HLODRelevant:0
 |   |   |- Guid:E142328E4C208D9268D670937DCBB905 BaseClass: NativeClass:/Script/Engine.StaticMeshActor Name:StaticMeshActor_6 Label:SM_Cube3 SpatiallyLoaded:1 Bounds:IsValid=true, Min=(X=0.000 Y=3400.000 Z=0.000), Max=(X=3000.000 Y=3500.000 Z=400.000) RuntimeGrid:None EditorOnly:0 RuntimeOnly:0 HLODRelevant:1 FolderPath:Playground FolderGuid:C73F09FC4215536B1DCE2A9E0A830C70
 |   |   |- Guid:E50AE572408350677A40C1B84D9A8CF4 BaseClass: NativeClass:/Script/Engine.StaticMeshActor Name:StaticMeshActor_UAID_B88584C32F88D36C01_1711921396 Label:Shelves SpatiallyLoaded:1 Bounds:IsValid=true, Min=(X=2705.000 Y=1860.000 Z=137.500), Max=(X=3005.000 Y=3410.000 Z=162.500) RuntimeGrid:None EditorOnly:0 RuntimeOnly:0 HLODRelevant:1
 |   |   |- Guid:E5BFF3D9425D4428607B578D070DA442 BaseClass: NativeClass:/Script/Engine.StaticMeshActor Name:StaticMeshActor_UAID_B88584C32F88D36C01_1769373399 Label:Shelves4 SpatiallyLoaded:1 Bounds:IsValid=true, Min=(X=1995.000 Y=3195.000 Z=302.500), Max=(X=2995.000 Y=3495.000 Z=327.500) RuntimeGrid:None EditorOnly:0 RuntimeOnly:0 HLODRelevant:1
 |   |   |- Guid:E8F52F38415F6E24D691C191D8FC9627 BaseClass: NativeClass:/Script/Engine.StaticMeshActor Name:StaticMeshActor_UAID_B88584C32F88D56C01_1080973763 Label:ServingWindow2 SpatiallyLoaded:1 Bounds:IsValid=true, Min=(X=1297.500 Y=1797.500 Z=142.500), Max=(X=1772.500 Y=2022.500 Z=167.500) RuntimeGrid:None EditorOnly:0 RuntimeOnly:0 HLODRelevant:1
 |   |   |- Guid:EBAD9F3444B65A6F9E7B2E803F04C8F5 BaseClass: NativeClass:/Script/Engine.TextRenderActor Name:TextRenderActor_UAID_B88584C32F88D26C01_1955481209 Label:TextRenderActor14 SpatiallyLoaded:1 Bounds:IsValid=true, Min=(X=629.900 Y=460.000 Z=332.513), Max=(X=808.746 Y=460.000 Z=407.513) RuntimeGrid:None EditorOnly:0 RuntimeOnly:0 HLODRelevant:0
 |   |   |- Guid:F028455E4BF81E48D0A387BFAFFD05D8 BaseClass: NativeClass:/Script/Engine.StaticMeshActor Name:StaticMeshActor_UAID_B88584C32F88D36C01_2111110402 Label:Shelves5 SpatiallyLoaded:1 Bounds:IsValid=true, Min=(X=-40.000 Y=505.000 Z=207.500), Max=(X=260.000 Y=1105.000 Z=232.500) RuntimeGrid:None EditorOnly:0 RuntimeOnly:0 HLODRelevant:1
 |   |   |- Guid:F0ED24454B21DCA86A1E698B6177914E BaseClass: NativeClass:/Script/Engine.PostProcessVolume Name:PostProcessVolume_0 Label:PostProcessVolume SpatiallyLoaded:0 Bounds:IsValid=true, Min=(X=0.000 Y=0.000 Z=400.000), Max=(X=200.000 Y=200.000 Z=600.000) RuntimeGrid:None EditorOnly:0 RuntimeOnly:0 HLODRelevant:0 FolderPath:Lighting FolderGuid:963EC3EB4002CCE9759E2EBA541A873A
 |   |   |- Guid:F2AD96C54552B738892FEF8E935E6484 BaseClass: NativeClass:/Script/Engine.TextRenderActor Name:TextRenderActor_UAID_B88584C32F88D16C01_1410692001 Label:TextRenderActor5 SpatiallyLoaded:1 Bounds:IsValid=true, Min=(X=1519.900 Y=1560.000 Z=162.513), Max=(X=1894.900 Y=1560.000 Z=237.513) RuntimeGrid:None EditorOnly:0 RuntimeOnly:0 HLODRelevant:0
 |   |   |- Guid:F2BD3AFD45E9C79F7D2C7788216EA01A BaseClass: NativeClass:/Script/Engine.StaticMeshActor Name:StaticMeshActor_UAID_089204E7E887997501_1239815645 Label:Tableuwu3 SpatiallyLoaded:1 Bounds:IsValid=true, Min=(X=1385.253 Y=770.686 Z=0.331), Max=(X=1844.747 Y=999.314 Z=199.692) RuntimeGrid:None EditorOnly:0 RuntimeOnly:0 HLODRelevant:1
 |   |   |- Guid:F55DBCFF435231DA69714A9898642365 BaseClass: NativeClass:/Script/Engine.StaticMeshActor Name:StaticMeshActor_UAID_B88584C32F88D36C01_1124323388 Label:Vent3 SpatiallyLoaded:1 Bounds:IsValid=true, Min=(X=2872.500 Y=3187.500 Z=0.000), Max=(X=3247.500 Y=3312.500 Z=100.000) RuntimeGrid:None EditorOnly:0 RuntimeOnly:0 HLODRelevant:1
 |   |   |- Guid:F94AF1DF404FACA6A6E514A4066754B9 BaseClass: NativeClass:/Script/Engine.StaticMeshActor Name:StaticMeshActor_UAID_B88584C32F88D16C01_1146806998 Label:IceMachine SpatiallyLoaded:1 Bounds:IsValid=true, Min=(X=75.000 Y=1255.000 Z=0.000), Max=(X=225.000 Y=1405.000 Z=200.000) RuntimeGrid:None EditorOnly:0 RuntimeOnly:0 HLODRelevant:1
 |   |   |- Guid:F98714F949ABCB23473BECA3781245DC BaseClass: NativeClass:/Script/Engine.TextRenderActor Name:TextRenderActor_UAID_B88584C32F88D36C01_1124324389 Label:TextRenderActor16 SpatiallyLoaded:1 Bounds:IsValid=true, Min=(X=2849.900 Y=3190.000 Z=22.513), Max=(X=2849.900 Y=3322.692 Z=97.513) RuntimeGrid:None EditorOnly:0 RuntimeOnly:0 HLODRelevant:0
 |   |   |- Guid:FA81960744FC025C2EB4D1970D050CCC BaseClass: NativeClass:/Script/Engine.StaticMeshActor Name:StaticMeshActor_24 Label:SM_Cube13 SpatiallyLoaded:1 Bounds:IsValid=true, Min=(X=315.000 Y=1740.000 Z=290.000), Max=(X=415.000 Y=1940.000 Z=390.000) RuntimeGrid:None EditorOnly:0 RuntimeOnly:0 HLODRelevant:1 FolderPath:Door FolderGuid:7B7009C345D3D6DD94D3429E1D79C034
 |   |   |- Guid:FD6851A7454D30FB300FBA9B1D79FCE2 BaseClass: NativeClass:/Script/Engine.StaticMeshActor Name:StaticMeshActor_UAID_089204E7E887997501_1227862644 Label:Tableuwu2 SpatiallyLoaded:1 Bounds:IsValid=true, Min=(X=925.253 Y=995.686 Z=0.331), Max=(X=1384.747 Y=1224.314 Z=199.692) RuntimeGrid:None EditorOnly:0 RuntimeOnly:0 HLODRelevant:1
 |   |- [+] Clusters:
 |   |   |- [+] [  0]
 |   |   |   |- Guid:327E6AEC411E988E8B427DA72ECBD814 BaseClass: NativeClass:/Script/Engine.WorldDataLayers Name:WorldDataLayers Label:WorldDataLayers-1 SpatiallyLoaded:0 Bounds:IsValid=true, Min=(X=0.000 Y=0.000 Z=0.000), Max=(X=0.000 Y=0.000 Z=0.000) RuntimeGrid:None EditorOnly:0 RuntimeOnly:0 HLODRelevant:0
 |   |   |- [+] [  1]
 |   |   |   |- Guid:C4C50C4043CB8841D2B1D9B42A61EF09 BaseClass: NativeClass:/Script/Engine.StaticMeshActor Name:StaticMeshActor_UAID_B88584C32F88D46C01_1489006584 Label:SM_Cube18 SpatiallyLoaded:1 Bounds:IsValid=true, Min=(X=800.000 Y=1790.000 Z=-240.000), Max=(X=1300.000 Y=1890.000 Z=160.000) RuntimeGrid:None EditorOnly:0 RuntimeOnly:0 HLODRelevant:1 FolderPath:Playground FolderGuid:C73F09FC4215536B1DCE2A9E0A830C70
 |   |   |- [+] [  2]
 |   |   |   |- Guid:8C2064EA41EDE6241962EFB06E6DD872 BaseClass: NativeClass:/Script/Engine.TextRenderActor Name:TextRenderActor_UAID_B88584C32F88D26C01_1328827198 Label:TextRenderActor10 SpatiallyLoaded:1 Bounds:IsValid=true, Min=(X=119.900 Y=204.615 Z=65.013), Max=(X=119.900 Y=470.000 Z=215.013) RuntimeGrid:None EditorOnly:0 RuntimeOnly:0 HLODRelevant:0
 |   |   |- [+] [  3]
 |   |   |   |- Guid:14EDCD6045EADBA0548E2CAABD8BE0F0 BaseClass: NativeClass:/Script/Engine.SkyLight Name:SkyLight_1 Label:SkyLight SpatiallyLoaded:0 Bounds:IsValid=true, Min=(X=0.000 Y=0.000 Z=690.000), Max=(X=0.000 Y=0.000 Z=690.000) RuntimeGrid:None EditorOnly:0 RuntimeOnly:0 HLODRelevant:0 FolderPath:Lighting FolderGuid:963EC3EB4002CCE9759E2EBA541A873A
 |   |   |- [+] [  4]
 |   |   |   |- Guid:9C4F33B043532CC5F052B4A795219618 BaseClass: NativeClass:/Script/Engine.TextRenderActor Name:TextRenderActor_UAID_B88584C32F88D46C01_1345736582 Label:TextRenderActor20 SpatiallyLoaded:1 Bounds:IsValid=true, Min=(X=707.881 Y=1785.000 Z=318.763), Max=(X=1369.900 Y=1785.000 Z=431.263) RuntimeGrid:None EditorOnly:0 RuntimeOnly:0 HLODRelevant:0
 |   |   |- [+] [  5]
 |   |   |   |- Guid:93579694448337C3449FC19EB0EF72D1 BaseClass: NativeClass:/Script/Engine.StaticMeshActor Name:StaticMeshActor_UAID_B88584C32F88D46C01_2023082585 Label:Plant SpatiallyLoaded:1 Bounds:IsValid=true, Min=(X=1750.000 Y=3175.000 Z=-5.000), Max=(X=1900.000 Y=3325.000 Z=195.000) RuntimeGrid:None EditorOnly:0 RuntimeOnly:0 HLODRelevant:1
 |   |   |- [+] [  6]
 |   |   |   |- Guid:C9F3C8224A9CDA82278480A604DB9616 BaseClass: NativeClass:/Script/Engine.StaticMeshActor Name:StaticMeshActor_0 Label:SM_Cube5 SpatiallyLoaded:1 Bounds:IsValid=true, Min=(X=-0.000 Y=100.000 Z=0.000), Max=(X=100.000 Y=3400.000 Z=400.000) RuntimeGrid:None EditorOnly:0 RuntimeOnly:0 HLODRelevant:1 FolderPath:Playground FolderGuid:C73F09FC4215536B1DCE2A9E0A830C70
 |   |   |- [+] [  7]
 |   |   |   |- Guid:1FD110A44C82CBF3997268BD482A9A65 BaseClass: NativeClass:/Script/Engine.TextRenderActor Name:TextRenderActor_UAID_B88584C32F88D16C01_1869599008 Label:TextRenderActor6 SpatiallyLoaded:1 Bounds:IsValid=true, Min=(X=292.208 Y=1700.000 Z=282.513), Max=(X=424.900 Y=1700.000 Z=357.513) RuntimeGrid:None EditorOnly:0 RuntimeOnly:0 HLODRelevant:0
 |   |   |- [+] [  8]
 |   |   |   |- Guid:B34D5C1D41EEFCBC1E2AC4AB625D2C7F BaseClass: NativeClass:/Script/Engine.StaticMeshActor Name:StaticMeshActor_UAID_B88584C32F88D26C01_1255858196 Label:Vent2 SpatiallyLoaded:1 Bounds:IsValid=true, Min=(X=2872.500 Y=1587.500 Z=280.000), Max=(X=3247.500 Y=1712.500 Z=380.000) RuntimeGrid:None EditorOnly:0 RuntimeOnly:0 HLODRelevant:1
 |   |   |- [+] [  9]
 |   |   |   |- Guid:FA81960744FC025C2EB4D1970D050CCC BaseClass: NativeClass:/Script/Engine.StaticMeshActor Name:StaticMeshActor_24 Label:SM_Cube13 SpatiallyLoaded:1 Bounds:IsValid=true, Min=(X=315.000 Y=1740.000 Z=290.000), Max=(X=415.000 Y=1940.000 Z=390.000) RuntimeGrid:None EditorOnly:0 RuntimeOnly:0 HLODRelevant:1 FolderPath:Door FolderGuid:7B7009C345D3D6DD94D3429E1D79C034
 |   |   |- [+] [ 10]
 |   |   |   |- Guid:1D7C1113463B5CAD6DD644B2146E61BD BaseClass: NativeClass:/Script/Engine.TextRenderActor Name:TextRenderActor_UAID_B88584C32F88D56C01_1160769768 Label:TextRenderActor22 SpatiallyLoaded:1 Bounds:IsValid=true, Min=(X=1374.900 Y=2100.000 Z=118.763), Max=(X=1647.496 Y=2100.000 Z=231.263) RuntimeGrid:None EditorOnly:0 RuntimeOnly:0 HLODRelevant:0
 |   |   |- [+] [ 11]
 |   |   |   |- Guid:908BE2614DA90CEC204EEF99FC9DFF26 BaseClass: NativeClass:/Script/Engine.StaticMeshActor Name:StaticMeshActor_UAID_B88584C32F88D16C01_1503164002 Label:Tea SpatiallyLoaded:1 Bounds:IsValid=true, Min=(X=1613.333 Y=1657.500 Z=147.500), Max=(X=1763.333 Y=1782.500 Z=272.500) RuntimeGrid:None EditorOnly:0 RuntimeOnly:0 HLODRelevant:1
 |   |   |- [+] [ 12]
 |   |   |   |- Guid:E142328E4C208D9268D670937DCBB905 BaseClass: NativeClass:/Script/Engine.StaticMeshActor Name:StaticMeshActor_6 Label:SM_Cube3 SpatiallyLoaded:1 Bounds:IsValid=true, Min=(X=0.000 Y=3400.000 Z=0.000), Max=(X=3000.000 Y=3500.000 Z=400.000) RuntimeGrid:None EditorOnly:0 RuntimeOnly:0 HLODRelevant:1 FolderPath:Playground FolderGuid:C73F09FC4215536B1DCE2A9E0A830C70
 |   |   |- [+] [ 13]
 |   |   |   |- Guid:13CF6E7B4AA9C07A6C343C8519DB2F07 BaseClass: NativeClass:/Script/Engine.StaticMeshActor Name:StaticMeshActor_1 Label:SM_Cube SpatiallyLoaded:1 Bounds:IsValid=true, Min=(X=0.000 Y=0.000 Z=-50.000), Max=(X=3000.000 Y=3500.000 Z=0.000) RuntimeGrid:None EditorOnly:0 RuntimeOnly:0 HLODRelevant:1 FolderPath:Playground FolderGuid:C73F09FC4215536B1DCE2A9E0A830C70
 |   |   |- [+] [ 14]
 |   |   |   |- Guid:BBC2F1CE48367319C1C07FB882CBAD84 BaseClass: NativeClass:/Script/Engine.StaticMeshActor Name:StaticMeshActor_UAID_B88584C32F88D06C01_1120670815 Label:Freezer SpatiallyLoaded:1 Bounds:IsValid=true, Min=(X=115.000 Y=-97.500 Z=-27.500), Max=(X=1965.000 Y=177.500 Z=497.500) RuntimeGrid:None EditorOnly:0 RuntimeOnly:0 HLODRelevant:1
 |   |   |- [+] [ 15]
 |   |   |   |- Guid:9E503BC143D058882597049F4522BADA BaseClass: NativeClass:/Script/Engine.StaticMeshActor Name:StaticMeshActor_UAID_B88584C32F88D56C01_1112602764 Label:Plant2 SpatiallyLoaded:1 Bounds:IsValid=true, Min=(X=930.000 Y=2055.000 Z=-5.000), Max=(X=1030.000 Y=2155.000 Z=145.000) RuntimeGrid:None EditorOnly:0 RuntimeOnly:0 HLODRelevant:1
 |   |   |- [+] [ 16]
 |   |   |   |- Guid:F028455E4BF81E48D0A387BFAFFD05D8 BaseClass: NativeClass:/Script/Engine.StaticMeshActor Name:StaticMeshActor_UAID_B88584C32F88D36C01_2111110402 Label:Shelves5 SpatiallyLoaded:1 Bounds:IsValid=true, Min=(X=-40.000 Y=505.000 Z=207.500), Max=(X=260.000 Y=1105.000 Z=232.500) RuntimeGrid:None EditorOnly:0 RuntimeOnly:0 HLODRelevant:1
 |   |   |- [+] [ 17]
 |   |   |   |- Guid:4660B02B48C132F1C2B0368F59A9077C BaseClass: NativeClass:/Script/Engine.StaticMeshActor Name:StaticMeshActor_UAID_B88584C32F88D36C01_1758331397 Label:Shelves2 SpatiallyLoaded:1 Bounds:IsValid=true, Min=(X=2705.000 Y=1860.000 Z=302.500), Max=(X=3005.000 Y=3410.000 Z=327.500) RuntimeGrid:None EditorOnly:0 RuntimeOnly:0 HLODRelevant:1
 |   |   |- [+] [ 18]
 |   |   |   |- Guid:BB29F3C74BF852919B2949B790218061 BaseClass: NativeClass:/Script/Engine.TextRenderActor Name:TextRenderActor_UAID_B88584C32F88D46C01_1186580580 Label:TextRenderActor19 SpatiallyLoaded:1 Bounds:IsValid=true, Min=(X=620.573 Y=1625.000 Z=156.263), Max=(X=699.900 Y=1625.000 Z=193.763) RuntimeGrid:None EditorOnly:0 RuntimeOnly:0 HLODRelevant:0
 |   |   |- [+] [ 19]
 |   |   |   |- Guid:3BD4BA974DC6879E09D3FFAEC2CCEE9F BaseClass: NativeClass:/Script/Engine.TextRenderActor Name:TextRenderActor_UAID_B88584C32F88D06C01_1934446818 Label:TextRenderActor2 SpatiallyLoaded:1 Bounds:IsValid=true, Min=(X=1079.900 Y=180.000 Z=223.763), Max=(X=1404.419 Y=180.000 Z=336.263) RuntimeGrid:None EditorOnly:0 RuntimeOnly:0 HLODRelevant:0
 |   |   |- [+] [ 20]
 |   |   |   |- Guid:459E24064A0427F08E640FA22A8203D6 BaseClass: NativeClass:/Script/Engine.SkyAtmosphere Name:SkyAtmosphere_0 Label:SkyAtmosphere SpatiallyLoaded:0 Bounds:IsValid=true, Min=(X=0.000 Y=0.000 Z=1020.000), Max=(X=0.000 Y=0.000 Z=1020.000) RuntimeGrid:None EditorOnly:0 RuntimeOnly:0 HLODRelevant:0 FolderPath:Lighting FolderGuid:963EC3EB4002CCE9759E2EBA541A873A
 |   |   |- [+] [ 21]
 |   |   |   |- Guid:5AEADD5E41CA48CE560EC9BCFB225C75 BaseClass: NativeClass:/Script/Engine.SkeletalMeshActor Name:SkeletalMeshActor_UAID_089204E7E887987501_1774755463 Label:ChefMaterialId SpatiallyLoaded:1 Bounds:IsValid=true, Min=(X=1905.000 Y=1125.000 Z=15.000), Max=(X=1905.000 Y=1125.000 Z=15.000) RuntimeGrid:None EditorOnly:0 RuntimeOnly:0 HLODRelevant:0
 |   |   |- [+] [ 22]
 |   |   |   |- Guid:680009534C41AFC2425C0F877718A7C8 BaseClass: NativeClass:/Script/Engine.StaticMeshActor Name:StaticMeshActor_UAID_B88584C32F88D16C01_1681611005 Label:SM_Cube14 SpatiallyLoaded:1 Bounds:IsValid=true, Min=(X=1300.000 Y=1790.000 Z=0.000), Max=(X=3000.000 Y=1890.000 Z=400.000) RuntimeGrid:None EditorOnly:0 RuntimeOnly:0 HLODRelevant:1 FolderPath:Playground FolderGuid:C73F09FC4215536B1DCE2A9E0A830C70
 |   |   |- [+] [ 23]
 |   |   |   |- Guid:A0153965425CA54F48008AA19E26F7E6 BaseClass: NativeClass:/Script/Engine.PlayerStart Name:PlayerStart_0 Label:PlayerStart SpatiallyLoaded:0 Bounds:IsValid=true, Min=(X=370.000 Y=1070.000 Z=0.013), Max=(X=450.000 Y=1150.000 Z=184.013) RuntimeGrid:None EditorOnly:0 RuntimeOnly:0 HLODRelevant:0
 |   |   |- [+] [ 24]
 |   |   |   |- Guid:15B2BB8B4FE54B658E69F59AFB27CAC5 BaseClass: NativeClass:/Script/Engine.StaticMeshActor Name:StaticMeshActor_UAID_B88584C32F88D36C01_1186637390 Label:Vent4 SpatiallyLoaded:1 Bounds:IsValid=true, Min=(X=-247.700 Y=3187.500 Z=0.000), Max=(X=127.300 Y=3312.500 Z=100.000) RuntimeGrid:None EditorOnly:0 RuntimeOnly:0 HLODRelevant:1
 |   |   |- [+] [ 25]
 |   |   |   |- Guid:DEF379C34F6ED21FAB8EA7AA62D6612F BaseClass: NativeClass:/Script/Engine.TextRenderActor Name:TextRenderActor_UAID_B88584C32F88D26C01_1452209200 Label:TextRenderActor11 SpatiallyLoaded:1 Bounds:IsValid=true, Min=(X=2869.900 Y=820.000 Z=212.513), Max=(X=2869.900 Y=995.962 Z=287.513) RuntimeGrid:None EditorOnly:0 RuntimeOnly:0 HLODRelevant:0
 |   |   |- [+] [ 26]
 |   |   |   |- Guid:8C5CB28F4F75CAB55D95429866C1E3F6 BaseClass: NativeClass:/Script/Engine.StaticMeshActor Name:StaticMeshActor_UAID_B88584C32F88D16C01_1081065997 Label:Vent SpatiallyLoaded:1 Bounds:IsValid=true, Min=(X=-247.500 Y=237.500 Z=0.000), Max=(X=127.500 Y=362.500 Z=100.000) RuntimeGrid:None EditorOnly:0 RuntimeOnly:0 HLODRelevant:1
 |   |   |- [+] [ 27]
 |   |   |   |- Guid:F94AF1DF404FACA6A6E514A4066754B9 BaseClass: NativeClass:/Script/Engine.StaticMeshActor Name:StaticMeshActor_UAID_B88584C32F88D16C01_1146806998 Label:IceMachine SpatiallyLoaded:1 Bounds:IsValid=true, Min=(X=75.000 Y=1255.000 Z=0.000), Max=(X=225.000 Y=1405.000 Z=200.000) RuntimeGrid:None EditorOnly:0 RuntimeOnly:0 HLODRelevant:1
 |   |   |- [+] [ 28]
 |   |   |   |- Guid:AE510EA1418D1F12F16BAC9B9F772DFC BaseClass: NativeClass:/Script/Engine.StaticMeshActor Name:StaticMeshActor_UAID_B88584C32F88D16C01_1527392004 Label:coffee SpatiallyLoaded:1 Bounds:IsValid=true, Min=(X=1393.333 Y=1657.500 Z=147.500), Max=(X=1543.333 Y=1782.500 Z=272.500) RuntimeGrid:None EditorOnly:0 RuntimeOnly:0 HLODRelevant:1
 |   |   |- [+] [ 29]
 |   |   |   |- Guid:6C5C2D5B4D63FABCEF5AB0962CB4F9B4 BaseClass: NativeClass:/Script/Engine.StaticMeshActor Name:StaticMeshActor_UAID_B88584C32F88D36C01_1545912395 Label:Vent8 SpatiallyLoaded:1 Bounds:IsValid=true, Min=(X=-332.500 Y=3707.500 Z=0.000), Max=(X=3392.500 Y=3832.500 Z=100.000) RuntimeGrid:None EditorOnly:0 RuntimeOnly:0 HLODRelevant:1
 |   |   |- [+] [ 30]
 |   |   |   |- Guid:E5BFF3D9425D4428607B578D070DA442 BaseClass: NativeClass:/Script/Engine.StaticMeshActor Name:StaticMeshActor_UAID_B88584C32F88D36C01_1769373399 Label:Shelves4 SpatiallyLoaded:1 Bounds:IsValid=true, Min=(X=1995.000 Y=3195.000 Z=302.500), Max=(X=2995.000 Y=3495.000 Z=327.500) RuntimeGrid:None EditorOnly:0 RuntimeOnly:0 HLODRelevant:1
 |   |   |- [+] [ 31]
 |   |   |   |- Guid:508A36F841F89ED43B4A25AACBDF773F BaseClass: NativeClass:/Script/Engine.StaticMeshActor Name:StaticMeshActor_4 Label:SM_Cube6 SpatiallyLoaded:1 Bounds:IsValid=true, Min=(X=2900.000 Y=100.000 Z=0.000), Max=(X=3000.000 Y=3400.000 Z=400.000) RuntimeGrid:None EditorOnly:0 RuntimeOnly:0 HLODRelevant:1 FolderPath:Playground FolderGuid:C73F09FC4215536B1DCE2A9E0A830C70
 |   |   |- [+] [ 32]
 |   |   |   |- Guid:3B8C67654E71BB3CC9D118BB0FA105E2 BaseClass: NativeClass:/Script/Engine.DirectionalLight Name:DirectionalLight_0 Label:DirectionalLight SpatiallyLoaded:0 Bounds:IsValid=true, Min=(X=-4398046511104.000 Y=-4398046511104.000 Z=-4398046511104.000), Max=(X=4398046511104.000 Y=4398046511104.000 Z=4398046511104.000) RuntimeGrid:None EditorOnly:0 RuntimeOnly:0 HLODRelevant:0 FolderPath:Lighting FolderGuid:963EC3EB4002CCE9759E2EBA541A873A
 |   |   |- [+] [ 33]
 |   |   |   |- Guid:096C1712437F58F7AF2D36965B920D22 BaseClass: NativeClass:/Script/Engine.StaticMeshActor Name:StaticMeshActor_UAID_B88584C32F88D26C01_1829084205 Label:Sink SpatiallyLoaded:1 Bounds:IsValid=true, Min=(X=1600.000 Y=157.500 Z=90.000), Max=(X=2100.000 Y=382.500 Z=190.000) RuntimeGrid:None EditorOnly:0 RuntimeOnly:0 HLODRelevant:1
 |   |   |- [+] [ 34]
 |   |   |   |- Guid:311DD90B46717E40BEDDA584FC927F8F BaseClass: NativeClass:/Script/Engine.TextRenderActor Name:TextRenderActor_UAID_B88584C32F88D26C01_1552125202 Label:TextRenderActor12 SpatiallyLoaded:1 Bounds:IsValid=true, Min=(X=2839.900 Y=990.000 Z=362.513), Max=(X=2839.900 Y=1477.500 Z=437.513) RuntimeGrid:None EditorOnly:0 RuntimeOnly:0 HLODRelevant:0
 |   |   |- [+] [ 35]
 |   |   |   |- Guid:2ABA8C7C4F37CABF8C5F0A85C49CFC76 BaseClass: NativeClass:/Script/Engine.StaticMeshActor Name:StaticMeshActor_UAID_B88584C32F88D46C01_1093620579 Label:Trash SpatiallyLoaded:1 Bounds:IsValid=true, Min=(X=590.000 Y=1640.000 Z=-5.000), Max=(X=740.000 Y=1790.000 Z=195.000) RuntimeGrid:None EditorOnly:0 RuntimeOnly:0 HLODRelevant:1
 |   |   |- [+] [ 36]
 |   |   |   |- Guid:6BC3AE404CB71BF91BD3B88F9BB42A33 BaseClass: NativeClass:/Script/Engine.ExponentialHeightFog Name:ExponentialHeightFog_0 Label:ExponentialHeightFog SpatiallyLoaded:0 Bounds:IsValid=true, Min=(X=-5600.000 Y=-50.000 Z=-6850.000), Max=(X=-5600.000 Y=-50.000 Z=-6850.000) RuntimeGrid:None EditorOnly:0 RuntimeOnly:0 HLODRelevant:0 FolderPath:Lighting FolderGuid:963EC3EB4002CCE9759E2EBA541A873A
 |   |   |- [+] [ 37]
 |   |   |   |- Guid:A94166D04D5F1EF6590BD3AF9E177F40 BaseClass: NativeClass:/Script/Engine.StaticMeshActor Name:StaticMeshActor_UAID_B88584C32F88D26C01_2137842211 Label:SM_Cube7 SpatiallyLoaded:1 Bounds:IsValid=true, Min=(X=1990.000 Y=1790.000 Z=0.000), Max=(X=2090.000 Y=3490.000 Z=400.000) RuntimeGrid:None EditorOnly:0 RuntimeOnly:0 HLODRelevant:1 FolderPath:Playground FolderGuid:C73F09FC4215536B1DCE2A9E0A830C70
 |   |   |- [+] [ 38]
 |   |   |   |- Guid:E0FA8B674B8AD3FA363A6785B11658A9 BaseClass: NativeClass:/Script/Engine.TextRenderActor Name:TextRenderActor_UAID_B88584C32F88D26C01_2057583210 Label:TextRenderActor15 SpatiallyLoaded:1 Bounds:IsValid=true, Min=(X=239.900 Y=230.000 Z=252.513), Max=(X=372.592 Y=230.000 Z=327.513) RuntimeGrid:None EditorOnly:0 RuntimeOnly:0 HLODRelevant:0
 |   |   |- [+] [ 39]
 |   |   |   |- Guid:467832EA4F0947115DBC4D9CC3168818 BaseClass: NativeClass:/Script/Engine.StaticMeshActor Name:StaticMeshActor_UAID_B88584C32F88D06C01_1802669817 Label:FreezerDoor SpatiallyLoaded:1 Bounds:IsValid=true, Min=(X=122.500 Y=-67.500 Z=-2.500), Max=(X=497.500 Y=207.500 Z=372.500) RuntimeGrid:None EditorOnly:0 RuntimeOnly:0 HLODRelevant:1
 |   |   |- [+] [ 40]
 |   |   |   |- Guid:86C625C048B50E4BB96252B41C3C172B BaseClass: NativeClass:/Script/Engine.StaticMeshActor Name:StaticMeshActor_5 Label:SM_Cube2 SpatiallyLoaded:1 Bounds:IsValid=true, Min=(X=0.000 Y=0.000 Z=0.000), Max=(X=3000.000 Y=100.000 Z=400.000) RuntimeGrid:None EditorOnly:0 RuntimeOnly:0 HLODRelevant:1 FolderPath:Playground FolderGuid:C73F09FC4215536B1DCE2A9E0A830C70
 |   |   |- [+] [ 41]
 |   |   |   |- Guid:3F533CFC406279962DDB3DBBC90DF6D2 BaseClass: NativeClass:/Script/Engine.StaticMeshActor Name:StaticMeshActor_UAID_B88584C32F88D16C01_1901681012 Label:SM_QuarterCylinder7 SpatiallyLoaded:1 Bounds:IsValid=true, Min=(X=2200.000 Y=1740.000 Z=290.000), Max=(X=2300.000 Y=1940.000 Z=390.000) RuntimeGrid:None EditorOnly:0 RuntimeOnly:0 HLODRelevant:1 FolderPath:Door FolderGuid:7B7009C345D3D6DD94D3429E1D79C034
 |   |   |- [+] [ 42]
 |   |   |   |- Guid:E50AE572408350677A40C1B84D9A8CF4 BaseClass: NativeClass:/Script/Engine.StaticMeshActor Name:StaticMeshActor_UAID_B88584C32F88D36C01_1711921396 Label:Shelves SpatiallyLoaded:1 Bounds:IsValid=true, Min=(X=2705.000 Y=1860.000 Z=137.500), Max=(X=3005.000 Y=3410.000 Z=162.500) RuntimeGrid:None EditorOnly:0 RuntimeOnly:0 HLODRelevant:1
 |   |   |- [+] [ 43]
 |   |   |   |- Guid:81C36A10484319B80A9EE99B352FC21A BaseClass: NativeClass:/Script/Engine.StaticMeshActor Name:StaticMeshActor_16 Label:SM_Cube11 SpatiallyLoaded:1 Bounds:IsValid=true, Min=(X=215.000 Y=1740.000 Z=-10.000), Max=(X=515.000 Y=1940.000 Z=290.000) RuntimeGrid:None EditorOnly:0 RuntimeOnly:0 HLODRelevant:1 FolderPath:Door FolderGuid:7B7009C345D3D6DD94D3429E1D79C034
 |   |   |- [+] [ 44]
 |   |   |   |- Guid:12D21DD2417EE14B364EEF80C8D88E3F BaseClass: NativeClass:/Script/Engine.VolumetricCloud Name:VolumetricCloud_0 Label:VolumetricCloud SpatiallyLoaded:0 Bounds:IsValid=true, Min=(X=0.000 Y=0.000 Z=820.000), Max=(X=0.000 Y=0.000 Z=820.000) RuntimeGrid:None EditorOnly:0 RuntimeOnly:0 HLODRelevant:0 FolderPath:Lighting FolderGuid:963EC3EB4002CCE9759E2EBA541A873A
 |   |   |- [+] [ 45]
 |   |   |   |- Guid:9C7604974ACD7068C01202869AE2CF67 BaseClass: NativeClass:/Script/Engine.StaticMeshActor Name:StaticMeshActor_UAID_B88584C32F88D46C01_1288607581 Label:ServingWindow SpatiallyLoaded:1 Bounds:IsValid=true, Min=(X=800.000 Y=1597.500 Z=142.500), Max=(X=1300.000 Y=2022.500 Z=167.500) RuntimeGrid:None EditorOnly:0 RuntimeOnly:0 HLODRelevant:1
 |   |   |- [+] [ 46]
 |   |   |   |- Guid:C416AB7C4A8D8E914A6FEDB50EAA8BDA BaseClass: NativeClass:/Script/Engine.StaticMeshActor Name:StaticMeshActor_UAID_B88584C32F88D36C01_1475050393 Label:Vent6 SpatiallyLoaded:1 Bounds:IsValid=true, Min=(X=3247.500 Y=1665.000 Z=0.000), Max=(X=3372.500 Y=3715.000 Z=100.000) RuntimeGrid:None EditorOnly:0 RuntimeOnly:0 HLODRelevant:1
 |   |   |- [+] [ 47]
 |   |   |   |- Guid:1F7A9846491916A27EB1F38F08036CA3 BaseClass: NativeClass:/Script/Engine.StaticMeshActor Name:StaticMeshActor_UAID_B88584C32F88D16C01_1525532003 Label:Soda SpatiallyLoaded:1 Bounds:IsValid=true, Min=(X=1833.333 Y=1657.500 Z=147.500), Max=(X=1983.333 Y=1782.500 Z=272.500) RuntimeGrid:None EditorOnly:0 RuntimeOnly:0 HLODRelevant:1
 |   |   |- [+] [ 48]
 |   |   |   |- Guid:555A6BB14B7D9002BF439A82CA2CFA74 BaseClass: NativeClass:/Script/Engine.StaticMeshActor Name:StaticMeshActor_UAID_B88584C32F88D16C01_2087396017 Label:Counter SpatiallyLoaded:1 Bounds:IsValid=true, Min=(X=537.500 Y=65.000 Z=-7.500), Max=(X=2662.500 Y=415.000 Z=167.500) RuntimeGrid:None EditorOnly:0 RuntimeOnly:0 HLODRelevant:1
 |   |   |- [+] [ 49]
 |   |   |   |- Guid:4FC26B30407989D43D57B8B89168C94C BaseClass: NativeClass:/Script/Engine.StaticMeshActor Name:StaticMeshActor_UAID_B88584C32F88D56C01_1154618767 Label:Plant5 SpatiallyLoaded:1 Bounds:IsValid=true, Min=(X=1370.000 Y=2055.000 Z=-5.000), Max=(X=1470.000 Y=2155.000 Z=145.000) RuntimeGrid:None EditorOnly:0 RuntimeOnly:0 HLODRelevant:1
 |   |   |- [+] [ 50]
 |   |   |   |- Guid:0E14C4CE41FF47DA10DB83829C2831C8 BaseClass: NativeClass:/Script/Engine.StaticMeshActor Name:StaticMeshActor_UAID_B88584C32F88D26C01_1104764195 Label:Counter2 SpatiallyLoaded:1 Bounds:IsValid=true, Min=(X=2650.000 Y=17.500 Z=-7.500), Max=(X=2950.000 Y=1842.500 Z=167.500) RuntimeGrid:None EditorOnly:0 RuntimeOnly:0 HLODRelevant:1
 |   |   |- [+] [ 51]
 |   |   |   |- Guid:F2AD96C54552B738892FEF8E935E6484 BaseClass: NativeClass:/Script/Engine.TextRenderActor Name:TextRenderActor_UAID_B88584C32F88D16C01_1410692001 Label:TextRenderActor5 SpatiallyLoaded:1 Bounds:IsValid=true, Min=(X=1519.900 Y=1560.000 Z=162.513), Max=(X=1894.900 Y=1560.000 Z=237.513) RuntimeGrid:None EditorOnly:0 RuntimeOnly:0 HLODRelevant:0
 |   |   |- [+] [ 52]
 |   |   |   |- Guid:C798A6CF42FA402694B500B42135628F BaseClass: NativeClass:/Script/Engine.StaticMeshActor Name:StaticMeshActor_UAID_B88584C32F88D26C01_1400676199 Label:Oven SpatiallyLoaded:1 Bounds:IsValid=true, Min=(X=2630.000 Y=700.000 Z=22.500), Max=(X=2930.000 Y=1100.000 Z=197.500) RuntimeGrid:None EditorOnly:0 RuntimeOnly:0 HLODRelevant:1
 |   |   |- [+] [ 53]
 |   |   |   |- Guid:F98714F949ABCB23473BECA3781245DC BaseClass: NativeClass:/Script/Engine.TextRenderActor Name:TextRenderActor_UAID_B88584C32F88D36C01_1124324389 Label:TextRenderActor16 SpatiallyLoaded:1 Bounds:IsValid=true, Min=(X=2849.900 Y=3190.000 Z=22.513), Max=(X=2849.900 Y=3322.692 Z=97.513) RuntimeGrid:None EditorOnly:0 RuntimeOnly:0 HLODRelevant:0
 |   |   |- [+] [ 54]
 |   |   |   |- Guid:2C08C2AC4AF76701966D378B64D66B21 BaseClass: NativeClass:/Script/Engine.StaticMeshActor Name:StaticMeshActor_UAID_B88584C32F88D56C01_1145700766 Label:Plant4 SpatiallyLoaded:1 Bounds:IsValid=true, Min=(X=1565.000 Y=2055.000 Z=-5.000), Max=(X=1665.000 Y=2155.000 Z=145.000) RuntimeGrid:None EditorOnly:0 RuntimeOnly:0 HLODRelevant:1
 |   |   |- [+] [ 55]
 |   |   |   |- Guid:D947713D4EA2A710A8480A8B6CA3CE09 BaseClass: NativeClass:/Script/Engine.TextRenderActor Name:TextRenderActor_UAID_B88584C32F88D26C01_1281411197 Label:TextRenderActor9 SpatiallyLoaded:1 Bounds:IsValid=true, Min=(X=2849.900 Y=1590.000 Z=302.513), Max=(X=2849.900 Y=1722.692 Z=377.513) RuntimeGrid:None EditorOnly:0 RuntimeOnly:0 HLODRelevant:0
 |   |   |- [+] [ 56]
 |   |   |   |- Guid:59B708E84030282D1F66D8814FEB86B9 BaseClass: NativeClass:/Script/Engine.StaticMeshActor Name:StaticMeshActor_UAID_B88584C32F88D26C01_1920815208 Label:Fridge SpatiallyLoaded:1 Bounds:IsValid=true, Min=(X=550.000 Y=142.500 Z=7.500), Max=(X=850.000 Y=417.500 Z=432.500) RuntimeGrid:None EditorOnly:0 RuntimeOnly:0 HLODRelevant:1
 |   |   |- [+] [ 57]
 |   |   |   |- Guid:D89A3DF44E4B1C12EDAF01B66E278A77 BaseClass: NativeClass:/Script/Engine.StaticMeshActor Name:StaticMeshActor_UAID_B88584C32F88D36C01_1510476394 Label:Vent7 SpatiallyLoaded:1 Bounds:IsValid=true, Min=(X=3247.500 Y=1587.500 Z=-42.500), Max=(X=3372.500 Y=1712.500 Z=382.500) RuntimeGrid:None EditorOnly:0 RuntimeOnly:0 HLODRelevant:1
 |   |   |- [+] [ 58]
 |   |   |   |- Guid:21152CEA4223934FA0E0A4878928E0F5 BaseClass: NativeClass:/Script/Engine.StaticMeshActor Name:StaticMeshActor_UAID_B88584C32F88D36C01_1978674400 Label:Table SpatiallyLoaded:1 Bounds:IsValid=true, Min=(X=600.000 Y=2400.000 Z=-7.500), Max=(X=1600.000 Y=3000.000 Z=167.500) RuntimeGrid:None EditorOnly:0 RuntimeOnly:0 HLODRelevant:1
 |   |   |- [+] [ 59]
 |   |   |   |- Guid:489307C24257F6F68097198377AF4028 BaseClass: NativeClass:/Script/Engine.StaticMeshActor Name:StaticMeshActor_UAID_B88584C32F88D36C01_1769372398 Label:Shelves3 SpatiallyLoaded:1 Bounds:IsValid=true, Min=(X=1995.000 Y=3195.000 Z=137.500), Max=(X=2995.000 Y=3495.000 Z=162.500) RuntimeGrid:None EditorOnly:0 RuntimeOnly:0 HLODRelevant:1
 |   |   |- [+] [ 60]
 |   |   |   |- Guid:055485594740D0E39FEEFFA0278143A5 BaseClass: NativeClass:/Script/Engine.StaticMeshActor Name:StaticMeshActor_UAID_B88584C32F88D36C01_1232185392 Label:Vent5 SpatiallyLoaded:1 Bounds:IsValid=true, Min=(X=-352.500 Y=237.500 Z=0.000), Max=(X=-227.500 Y=3762.500 Z=100.000) RuntimeGrid:None EditorOnly:0 RuntimeOnly:0 HLODRelevant:1
 |   |   |- [+] [ 61]
 |   |   |   |- Guid:57C6D9C645F75F39BDEA74BB1BF83F1D BaseClass: NativeClass:/Script/Engine.StaticMeshActor Name:StaticMeshActor_UAID_B88584C32F88D56C01_1144059765 Label:Plant3 SpatiallyLoaded:1 Bounds:IsValid=true, Min=(X=1155.000 Y=2055.000 Z=-5.000), Max=(X=1255.000 Y=2155.000 Z=145.000) RuntimeGrid:None EditorOnly:0 RuntimeOnly:0 HLODRelevant:1
 |   |   |- [+] [ 62]
 |   |   |   |- Guid:520B06EB4421DD2B8E2F89B7ECC01BF5 BaseClass: NativeClass:/Script/Engine.StaticMeshActor Name:StaticMeshActor_UAID_B88584C32F88D16C01_1901681011 Label:SM_Cube16 SpatiallyLoaded:1 Bounds:IsValid=true, Min=(X=2300.000 Y=1740.000 Z=290.000), Max=(X=2400.000 Y=1940.000 Z=390.000) RuntimeGrid:None EditorOnly:0 RuntimeOnly:0 HLODRelevant:1 FolderPath:Door FolderGuid:7B7009C345D3D6DD94D3429E1D79C034
 |   |   |- [+] [ 63]
 |   |   |   |- Guid:0C4E30704E1C7258F6185FBC432C6942 BaseClass: NativeClass:/Script/Engine.TextRenderActor Name:TextRenderActor_UAID_B88584C32F88D46C01_2037641586 Label:TextRenderActor21 SpatiallyLoaded:1 Bounds:IsValid=true, Min=(X=1703.362 Y=3135.000 Z=206.263), Max=(X=1939.900 Y=3135.000 Z=243.763) RuntimeGrid:None EditorOnly:0 RuntimeOnly:0 HLODRelevant:0
 |   |   |- [+] [ 64]
 |   |   |   |- Guid:0868F45143355E31CA755B882B613B78 BaseClass: NativeClass:/Script/Engine.TextRenderActor Name:TextRenderActor_UAID_B88584C32F88D16C01_1196100999 Label:TextRenderActor4 SpatiallyLoaded:1 Bounds:IsValid=true, Min=(X=229.900 Y=1236.923 Z=161.263), Max=(X=229.900 Y=1410.000 Z=198.763) RuntimeGrid:None EditorOnly:0 RuntimeOnly:0 HLODRelevant:0
 |   |   |- [+] [ 65]
 |   |   |   |- Guid:68FD4EF14DE562FA8F0F2F9EDEA8C742 BaseClass: NativeClass:/Script/Engine.StaticMeshActor Name:StaticMeshActor_UAID_A4AE111137DC5EFB00_1110535423 Label:SM_SkySphere SpatiallyLoaded:1 Bounds:IsValid=true, Min=(X=-1638400.000 Y=-1638400.000 Z=-1638400.000), Max=(X=1638400.000 Y=1638400.000 Z=1638400.000) RuntimeGrid:None EditorOnly:0 RuntimeOnly:0 HLODRelevant:1 FolderPath:Lighting FolderGuid:963EC3EB4002CCE9759E2EBA541A873A
 |   |   |- [+] [ 66]
 |   |   |   |- Guid:EBAD9F3444B65A6F9E7B2E803F04C8F5 BaseClass: NativeClass:/Script/Engine.TextRenderActor Name:TextRenderActor_UAID_B88584C32F88D26C01_1955481209 Label:TextRenderActor14 SpatiallyLoaded:1 Bounds:IsValid=true, Min=(X=629.900 Y=460.000 Z=332.513), Max=(X=808.746 Y=460.000 Z=407.513) RuntimeGrid:None EditorOnly:0 RuntimeOnly:0 HLODRelevant:0
 |   |   |- [+] [ 67]
 |   |   |   |- Guid:7862475E4B0C4C6887ADA9A5003582FC BaseClass: NativeClass:/Script/Engine.TextRenderActor Name:TextRenderActor_UAID_B88584C32F88D06C01_2070359820 Label:TextRenderActor3 SpatiallyLoaded:1 Bounds:IsValid=true, Min=(X=479.900 Y=1020.000 Z=241.263), Max=(X=753.938 Y=1020.000 Z=278.763) RuntimeGrid:None EditorOnly:0 RuntimeOnly:0 HLODRelevant:0
 |   |   |- [+] [ 68]
 |   |   |   |- Guid:D0B6954B41C04EB73072C9B0474E9798 BaseClass: NativeClass:/Script/Engine.TextRenderActor Name:TextRenderActor_UAID_B88584C32F88D26C01_1882289207 Label:TextRenderActor13 SpatiallyLoaded:1 Bounds:IsValid=true, Min=(X=1799.900 Y=270.000 Z=172.513), Max=(X=1926.823 Y=270.000 Z=247.513) RuntimeGrid:None EditorOnly:0 RuntimeOnly:0 HLODRelevant:0
 |   |   |- [+] [ 69]
 |   |   |   |- Guid:C33605D1401B019B8EE106AF2A040250 BaseClass: NativeClass:/Script/Engine.StaticMeshActor Name:StaticMeshActor_UAID_B88584C32F88D06C01_2021053819 Label:HumanReference SpatiallyLoaded:1 Bounds:IsValid=true, Min=(X=560.000 Y=910.000 Z=22.500), Max=(X=660.000 Y=1010.000 Z=297.500) RuntimeGrid:None EditorOnly:0 RuntimeOnly:0 HLODRelevant:1
 |   |   |- [+] [ 70]
 |   |   |   |- Guid:6663C4B444D27301080D62ABF1EAF89F BaseClass: NativeClass:/Script/Engine.StaticMeshActor Name:StaticMeshActor_UAID_B88584C32F88D26C01_1696274204 Label:Cabinets2 SpatiallyLoaded:1 Bounds:IsValid=true, Min=(X=1977.500 Y=97.500 Z=337.500), Max=(X=2902.500 Y=322.500 Z=562.500) RuntimeGrid:None EditorOnly:0 RuntimeOnly:0 HLODRelevant:1
 |   |   |- [+] [ 71]
 |   |   |   |- Guid:F0ED24454B21DCA86A1E698B6177914E BaseClass: NativeClass:/Script/Engine.PostProcessVolume Name:PostProcessVolume_0 Label:PostProcessVolume SpatiallyLoaded:0 Bounds:IsValid=true, Min=(X=0.000 Y=0.000 Z=400.000), Max=(X=200.000 Y=200.000 Z=600.000) RuntimeGrid:None EditorOnly:0 RuntimeOnly:0 HLODRelevant:0 FolderPath:Lighting FolderGuid:963EC3EB4002CCE9759E2EBA541A873A
 |   |   |- [+] [ 72]
 |   |   |   |- Guid:0783C7204F2EE5D6E8DDAA842E487166 BaseClass: NativeClass:/Script/Engine.StaticMeshActor Name:StaticMeshActor_22 Label:SM_QuarterCylinder4 SpatiallyLoaded:1 Bounds:IsValid=true, Min=(X=215.000 Y=1740.000 Z=290.000), Max=(X=315.000 Y=1940.000 Z=390.000) RuntimeGrid:None EditorOnly:0 RuntimeOnly:0 HLODRelevant:1 FolderPath:Door FolderGuid:7B7009C345D3D6DD94D3429E1D79C034
 |   |   |- [+] [ 73]
 |   |   |   |- Guid:8C2F8A0349B4CF3F103869B050F60304 BaseClass: NativeClass:/Script/Engine.StaticMeshActor Name:StaticMeshActor_UAID_B88584C32F88D26C01_1616072203 Label:Cabinets SpatiallyLoaded:1 Bounds:IsValid=true, Min=(X=2700.000 Y=200.000 Z=337.500), Max=(X=2900.000 Y=700.000 Z=562.500) RuntimeGrid:None EditorOnly:0 RuntimeOnly:0 HLODRelevant:1
 |   |   |- [+] [ 74]
 |   |   |   |- Guid:234F32224AB08015CC1FB1B24524C3B4 BaseClass: NativeClass:/Script/Engine.TextRenderActor Name:TextRenderActor_UAID_B88584C32F88D36C01_1186637391 Label:TextRenderActor17 SpatiallyLoaded:1 Bounds:IsValid=true, Min=(X=149.900 Y=3177.308 Z=22.513), Max=(X=149.900 Y=3310.000 Z=97.513) RuntimeGrid:None EditorOnly:0 RuntimeOnly:0 HLODRelevant:0
 |   |   |- [+] [ 75]
 |   |   |   |- Guid:2A42E61644F49210868F7E8E7614F061 BaseClass: NativeClass:/Script/Engine.TextRenderActor Name:TextRenderActor_UAID_B88584C32F88D16C01_1901682014 Label:TextRenderActor7 SpatiallyLoaded:1 Bounds:IsValid=true, Min=(X=2142.400 Y=1700.000 Z=282.513), Max=(X=2479.900 Y=1700.000 Z=357.513) RuntimeGrid:None EditorOnly:0 RuntimeOnly:0 HLODRelevant:0
 |   |   |- [+] [ 76]
 |   |   |   |- Guid:940A3393487F579764E8A5AD04936267 BaseClass: NativeClass:/Script/Engine.StaticMeshActor Name:StaticMeshActor_UAID_B88584C32F88D16C01_1298709000 Label:Drinkstation SpatiallyLoaded:1 Bounds:IsValid=true, Min=(X=1304.797 Y=1590.000 Z=-7.500), Max=(X=2104.797 Y=1790.000 Z=167.500) RuntimeGrid:None EditorOnly:0 RuntimeOnly:0 HLODRelevant:1
 |   |   |- [+] [ 77]
 |   |   |   |- Guid:9B9CD88243707B615AABA49834EB62C4 BaseClass: NativeClass:/Script/Engine.TextRenderActor Name:TextRenderActor_UAID_B88584C32F88D36C01_2042643401 Label:TextRenderActor18 SpatiallyLoaded:1 Bounds:IsValid=true, Min=(X=966.246 Y=2665.000 Z=148.763), Max=(X=1199.900 Y=2665.000 Z=261.263) RuntimeGrid:None EditorOnly:0 RuntimeOnly:0 HLODRelevant:0
 |   |   |- [+] [ 78]
 |   |   |   |- Guid:F55DBCFF435231DA69714A9898642365 BaseClass: NativeClass:/Script/Engine.StaticMeshActor Name:StaticMeshActor_UAID_B88584C32F88D36C01_1124323388 Label:Vent3 SpatiallyLoaded:1 Bounds:IsValid=true, Min=(X=2872.500 Y=3187.500 Z=0.000), Max=(X=3247.500 Y=3312.500 Z=100.000) RuntimeGrid:None EditorOnly:0 RuntimeOnly:0 HLODRelevant:1
 |   |   |- [+] [ 79]
 |   |   |   |- Guid:AADE5DE440208992A2F8268493308B30 BaseClass: NativeClass:/Script/Engine.StaticMeshActor Name:StaticMeshActor_23 Label:SM_QuarterCylinder5 SpatiallyLoaded:1 Bounds:IsValid=true, Min=(X=415.000 Y=1740.000 Z=290.000), Max=(X=515.000 Y=1940.000 Z=390.000) RuntimeGrid:None EditorOnly:0 RuntimeOnly:0 HLODRelevant:1 FolderPath:Door FolderGuid:7B7009C345D3D6DD94D3429E1D79C034
 |   |   |- [+] [ 80]
 |   |   |   |- Guid:E8F52F38415F6E24D691C191D8FC9627 BaseClass: NativeClass:/Script/Engine.StaticMeshActor Name:StaticMeshActor_UAID_B88584C32F88D56C01_1080973763 Label:ServingWindow2 SpatiallyLoaded:1 Bounds:IsValid=true, Min=(X=1297.500 Y=1797.500 Z=142.500), Max=(X=1772.500 Y=2022.500 Z=167.500) RuntimeGrid:None EditorOnly:0 RuntimeOnly:0 HLODRelevant:1
 |   |   |- [+] [ 81]
 |   |   |   |- Guid:DB25D6574EA56E565BABA5977D997F35 BaseClass: NativeClass:/Script/Engine.StaticMeshActor Name:StaticMeshActor_UAID_B88584C32F88D46C01_1387296583 Label:SM_Cube17 SpatiallyLoaded:1 Bounds:IsValid=true, Min=(X=0.000 Y=1790.000 Z=0.000), Max=(X=800.000 Y=1890.000 Z=400.000) RuntimeGrid:None EditorOnly:0 RuntimeOnly:0 HLODRelevant:1 FolderPath:Playground FolderGuid:C73F09FC4215536B1DCE2A9E0A830C70
 |   |   |- [+] [ 82]
 |   |   |   |- Guid:71D11BE54C497C1D15E1988EC7133C54 BaseClass: NativeClass:/Script/Engine.StaticMeshActor Name:StaticMeshActor_UAID_B88584C32F88D16C01_1901680009 Label:SM_Cube15 SpatiallyLoaded:1 Bounds:IsValid=true, Min=(X=2200.000 Y=1740.000 Z=-10.000), Max=(X=2500.000 Y=1940.000 Z=290.000) RuntimeGrid:None EditorOnly:0 RuntimeOnly:0 HLODRelevant:1 FolderPath:Door FolderGuid:7B7009C345D3D6DD94D3429E1D79C034
 |   |   |- [+] [ 83]
 |   |   |   |- Guid:0E5B032643BCD752CAB446908C81633C BaseClass: NativeClass:/Script/Engine.StaticMeshActor Name:StaticMeshActor_UAID_B88584C32F88D26C01_1528199201 Label:UtensilRack SpatiallyLoaded:1 Bounds:IsValid=true, Min=(X=2840.000 Y=977.500 Z=405.000), Max=(X=2940.000 Y=1502.500 Z=455.000) RuntimeGrid:None EditorOnly:0 RuntimeOnly:0 HLODRelevant:1
 |   |   |- [+] [ 84]
 |   |   |   |- Guid:6E58D6574C34163BFD0C02BCCDD52CD7 BaseClass: NativeClass:/Script/Engine.StaticMeshActor Name:StaticMeshActor_UAID_B88584C32F88D16C01_1901681013 Label:SM_QuarterCylinder8 SpatiallyLoaded:1 Bounds:IsValid=true, Min=(X=2400.000 Y=1740.000 Z=290.000), Max=(X=2500.000 Y=1940.000 Z=390.000) RuntimeGrid:None EditorOnly:0 RuntimeOnly:0 HLODRelevant:1 FolderPath:Door FolderGuid:7B7009C345D3D6DD94D3429E1D79C034
 |   |   |- [+] [ 85]
 |   |   |   |- Guid:119E31D24B94314F274417B14B403D60 BaseClass: NativeClass:/Script/Engine.StaticMeshActor Name:StaticMeshActor_UAID_089204E7E887997501_1216872643 Label:Tableuwu SpatiallyLoaded:1 Bounds:IsValid=true, Min=(X=1385.253 Y=995.686 Z=0.331), Max=(X=1844.747 Y=1224.314 Z=199.692) RuntimeGrid:None EditorOnly:0 RuntimeOnly:0 HLODRelevant:1
 |   |   |- [+] [ 86]
 |   |   |   |- Guid:FD6851A7454D30FB300FBA9B1D79FCE2 BaseClass: NativeClass:/Script/Engine.StaticMeshActor Name:StaticMeshActor_UAID_089204E7E887997501_1227862644 Label:Tableuwu2 SpatiallyLoaded:1 Bounds:IsValid=true, Min=(X=925.253 Y=995.686 Z=0.331), Max=(X=1384.747 Y=1224.314 Z=199.692) RuntimeGrid:None EditorOnly:0 RuntimeOnly:0 HLODRelevant:1
 |   |   |- [+] [ 87]
 |   |   |   |- Guid:F2BD3AFD45E9C79F7D2C7788216EA01A BaseClass: NativeClass:/Script/Engine.StaticMeshActor Name:StaticMeshActor_UAID_089204E7E887997501_1239815645 Label:Tableuwu3 SpatiallyLoaded:1 Bounds:IsValid=true, Min=(X=1385.253 Y=770.686 Z=0.331), Max=(X=1844.747 Y=999.314 Z=199.692) RuntimeGrid:None EditorOnly:0 RuntimeOnly:0 HLODRelevant:1
 |   |   |- [+] [ 88]
 |   |   |   |- Guid:594F2B144CF4ECBB119B33807AC62D66 BaseClass: NativeClass:/Script/Engine.StaticMeshActor Name:StaticMeshActor_UAID_089204E7E887997501_1239816646 Label:Tableuwu4 SpatiallyLoaded:1 Bounds:IsValid=true, Min=(X=925.253 Y=770.686 Z=0.331), Max=(X=1384.747 Y=999.314 Z=199.692) RuntimeGrid:None EditorOnly:0 RuntimeOnly:0 HLODRelevant:1
 |- ContainerInstances:
 |- [+] MainContainer:
 |   |-        ID: 0x0000000000000000
 |   |-    Bounds: IsValid=false, Min=(X=0.000 Y=0.000 Z=0.000), Max=(X=0.000 Y=0.000 Z=0.000)
 |   |- Transform: 0.000000,0.000000,0.000000|0.000000,0.000000,-0.000000|1.000000,1.000000,1.000000
 |   |- Container: /Game/Levels/LevelAttempt/KitchenV1
----------------------------------------------------------------------------------------------------------------
KitchenV1 - Persistent Level
----------------------------------------------------------------------------------------------------------------
Always loaded Actor Count: 105 

----------------------------------------------------------------------------------------------------------------
KitchenV1 - Runtime Spatial Hash - Streaming Grid - MainGrid
----------------------------------------------------------------------------------------------------------------
            Origin: X=0.000 Y=0.000 Z=0.000
         Cell Size: 12800
      World Bounds: IsValid=false, Min=(X=0.000 Y=0.000 Z=0.000), Max=(X=0.000 Y=0.000 Z=0.000)
     Loading Range: 25600.00
Block Slow Loading: No
 ClientOnlyVisible: No

[+] Grid Levels: 1
 |- Level  0: Cell Count    0 | Cell Size   12800 | Actor Count    0 (0.0%)

[+] Content of Grid Level 0

